<?xml version="1.0" encoding="UTF-8" standalone="yes"?><!DOCTYPE report PUBLIC "-//JACOCO//DTD Report 1.1//EN" "report.dtd"><report name="JaCoCo Coverage Report"><sessioninfo id="8312612f42e1-cbbb7dd0" start="1788244010441" dump="1788244011566"/><sessioninfo id="8312612f42e1-ac6f1239" start="1788244009127" dump="1788244011614"/><package name="tfw/immutable/ila"><class name="tfw/immutable/ila/ImmutableLongArray" sourcefilename="ImmutableLongArray.java"/><class name="tfw/immutable/ila/AbstractIla" sourcefilename="AbstractIla.java"><method name="&lt;init&gt;" desc="()V" line="8"><counter type="INSTRUCTION" missed="0" covered="3"/><counter type="LINE" missed="0" covered="1"/><counter type="COMPLEXITY" missed="0" covered="1"/><counter type="METHOD" missed="0" covered="1"/></method><method name="length" desc="()J" line="12"><counter type="INSTRUCTION" missed="0" covered="3"/><counter type="LINE" missed="0" covered="1"/><counter type="COMPLEXITY" missed="0" covered="1"/><counter type="METHOD" missed="0" covered="1"/></method><method name="boundsCheck" desc="(IIJI)V" line="16"><counter type="INSTRUCTION" missed="0" covered="8"/><counter type="LINE" missed="0" covered="2"/><counter type="COMPLEXITY" missed="0" covered="1"/><counter type="METHOD" missed="0" covered="1"/></method><counter type="INSTRUCTION" missed="0" covered="14"/><counter type="LINE" missed="0" covered="4"/><counter type="COMPLEXITY" missed="0" covered="3"/><counter type="METHOD" missed="0" covered="3"/><counter type="CLASS" missed="0" covered="1"/></class><class name="tfw/immutable/ila/ImmutableLongArrayUtil" sourcefilename="ImmutableLongArrayUtil.java"><method name="boundsCheck" desc="(JIIJI)V" line="17"><counter type="INSTRUCTION" missed="0" covered="51"/><counter type="LINE" missed="0" covered="10"/><counter type="COMPLEXITY" missed="0" covered="1"/><counter type="METHOD" missed="0" covered="1"/></method><counter type="INSTRUCTION" missed="0" covered="51"/><counter type="LINE" missed="0" covered="10"/><counter type="COMPLEXITY" missed="0" covered="1"/><counter type="METHOD" missed="0" covered="1"/><counter type="CLASS" missed="0" covered="1"/></class><sourcefile name="AbstractIla.java"><line nr="8" mi="0" ci="3" mb="0" cb="0"/><line nr="12" mi="0" ci="3" mb="0" cb="0"/><line nr="16" mi="0" ci="7" mb="0" cb="0"/><line nr="17" mi="0" ci="1" mb="0" cb="0"/><counter type="INSTRUCTION" missed="0" covered="14"/><counter type="LINE" missed="0" covered="4"/><counter type="COMPLEXITY" missed="0" covered="3"/><counter type="METHOD" missed="0" covered="3"/><counter type="CLASS" missed="0" covered="1"/></sourcefile><sourcefile name="ImmutableLongArrayUtil.java"><line nr="17" mi="0" ci="4" mb="0" cb="0"/><line nr="18" mi="0" ci="4" mb="0" cb="0"/><line nr="19" mi="0" ci="4" mb="0" cb="0"/><line nr="20" mi="0" ci="4" mb="0" cb="0"/><line nr="21" mi="0" ci="4" mb="0" cb="0"/><line nr="22" mi="0" ci="7" mb="0" cb="0"/><line nr="23" mi="0" ci="5" mb="0" cb="0"/><line nr="24" mi="0" ci="10" mb="0" cb="0"/><line nr="26" mi="0" ci="8" mb="0" cb="0"/><line nr="27" mi="0" ci="1" mb="0" cb="0"/><counter type="INSTRUCTION" missed="0" covered="51"/><counter type="LINE" missed="0" covered="10"/><counter type="COMPLEXITY" missed="0" covered="1"/><counter type="METHOD" missed="0" covered="1"/><counter type="CLASS" missed="0" covered="1"/></sourcefile><sourcefile name="ImmutableLongArray.java"/><counter type="INSTRUCTION" missed="0" covered="65"/><counter type="LINE" missed="0" covered="14"/><counter type="COMPLEXITY" missed="0" covered="4"/><counter type="METHOD" missed="0" covered="4"/><counter type="CLASS" missed="0" covered="2"/></package><package name="sun/jvmstat/perfdata/monitor/protocol/file"><class name="sun/jvmstat/perfdata/monitor/protocol/file/MonitoredHostFileService" sourcefilename="MonitoredHostFileService.java"><method name="&lt;init&gt;" desc="()V" line="33"><counter type="INSTRUCTION" missed="0" covered="3"/><counter type="LINE" missed="0" covered="1"/><counter type="COMPLEXITY" missed="0" covered="1"/><counter type="METHOD" missed="0" covered="1"/></method><method name="getMonitoredHost" desc="(Lsun/jvmstat/monitor/HostIdentifier;)Lsun/jvmstat/monitor/MonitoredHost;" line="38"><counter type="INSTRUCTION" missed="5" covered="0"/><counter type="LINE" missed="1" covered="0"/><counter type="COMPLEXITY" missed="1" covered="0"/><counter type="METHOD" missed="1" covered="0"/></method><method name="getScheme" desc="()Ljava/lang/String;" line="43"><counter type="INSTRUCTION" missed="0" covered="2"/><counter type="LINE" missed="0" covered="1"/><counter type="COMPLEXITY" missed="0" covered="1"/><counter type="METHOD" missed="0" covered="1"/></method><counter type="INSTRUCTION" missed="5" covered="5"/><counter type="LINE" missed="1" covered="2"/><counter type="COMPLEXITY" missed="1" covered="2"/><counter type="METHOD" missed="1" covered="2"/><counter type="CLASS" missed="0" covered="1"/></class><class name="sun/jvmstat/perfdata/monitor/protocol/file/MonitoredHostProvider" sourcefilename="MonitoredHostProvider.java"><method name="&lt;init&gt;" desc="(Lsun/jvmstat/monitor/HostIdentifier;)V" line="53"><counter type="INSTRUCTION" missed="6" covered="0"/><counter type="LINE" missed="3" covered="0"/><counter type="COMPLEXITY" missed="1" covered="0"/><counter type="METHOD" missed="1" covered="0"/></method><method name="getMonitoredVm" desc="(Lsun/jvmstat/monitor/VmIdentifier;)Lsun/jvmstat/monitor/MonitoredVm;" line="62"><counter type="INSTRUCTION" missed="5" covered="0"/><counter type="LINE" missed="1" covered="0"/><counter type="COMPLEXITY" missed="1" covered="0"/><counter type="METHOD" missed="1" covered="0"/></method><method name="getMonitoredVm" desc="(Lsun/jvmstat/monitor/VmIdentifier;I)Lsun/jvmstat/monitor/MonitoredVm;" line="74"><counter type="INSTRUCTION" missed="6" covered="0"/><counter type="LINE" missed="1" covered="0"/><counter type="COMPLEXITY" missed="1" covered="0"/><counter type="METHOD" missed="1" covered="0"/></method><method name="detach" desc="(Lsun/jvmstat/monitor/MonitoredVm;)V" line="81"><counter type="INSTRUCTION" missed="3" covered="0"/><counter type="LINE" missed="2" covered="0"/><counter type="COMPLEXITY" missed="1" covered="0"/><counter type="METHOD" missed="1" covered="0"/></method><method name="addHostListener" desc="(Lsun/jvmstat/monitor/event/HostListener;)V" line="93"><counter type="INSTRUCTION" missed="1" covered="0"/><counter type="LINE" missed="1" covered="0"/><counter type="COMPLEXITY" missed="1" covered="0"/><counter type="METHOD" missed="1" covered="0"/></method><method name="removeHostListener" desc="(Lsun/jvmstat/monitor/event/HostListener;)V" line="104"><counter type="INSTRUCTION" missed="1" covered="0"/><counter type="LINE" missed="1" covered="0"/><counter type="COMPLEXITY" missed="1" covered="0"/><counter type="METHOD" missed="1" covered="0"/></method><method name="activeVms" desc="()Ljava/util/Set;" line="114"><counter type="INSTRUCTION" missed="5" covered="0"/><counter type="LINE" missed="1" covered="0"/><counter type="COMPLEXITY" missed="1" covered="0"/><counter type="METHOD" missed="1" covered="0"/></method><counter type="INSTRUCTION" missed="27" covered="0"/><counter type="LINE" missed="10" covered="0"/><counter type="COMPLEXITY" missed="7" covered="0"/><counter type="METHOD" missed="7" covered="0"/><counter type="CLASS" missed="1" covered="0"/></class><sourcefile name="MonitoredHostFileService.java"><line nr="33" mi="0" ci="3" mb="0" cb="0"/><line nr="38" mi="5" ci="0" mb="0" cb="0"/><line nr="43" mi="0" ci="2" mb="0" cb="0"/><counter type="INSTRUCTION" missed="5" covered="5"/><counter type="LINE" missed="1" covered="2"/><counter type="COMPLEXITY" missed="1" covered="2"/><counter type="METHOD" missed="1" covered="2"/><counter type="CLASS" missed="0" covered="1"/></sourcefile><sourcefile name="MonitoredHostProvider.java"><line nr="53" mi="2" ci="0" mb="0" cb="0"/><line nr="54" mi="3" ci="0" mb="0" cb="0"/><line nr="55" mi="1" ci="0" mb="0" cb="0"/><line nr="62" mi="5" ci="0" mb="0" cb="0"/><line nr="74" mi="6" ci="0" mb="0" cb="0"/><line nr="81" mi="2" ci="0" mb="0" cb="0"/><line nr="82" mi="1" ci="0" mb="0" cb="0"/><line nr="93" mi="1" ci="0" mb="0" cb="0"/><line nr="104" mi="1" ci="0" mb="0" cb="0"/><line nr="114" mi="5" ci="0" mb="0" cb="0"/><counter type="INSTRUCTION" missed="27" covered="0"/><counter type="LINE" missed="10" covered="0"/><counter type="COMPLEXITY" missed="7" covered="0"/><counter type="METHOD" missed="7" covered="0"/><counter type="CLASS" missed="1" covered="0"/></sourcefile><counter type="INSTRUCTION" missed="32" covered="5"/><counter type="LINE" missed="11" covered="2"/><counter type="COMPLEXITY" missed="8" covered="2"/><counter type="METHOD" missed="8" covered="2"/><counter type="CLASS" missed="1" covered="1"/></package><package name="tfw/fuzz"><class name="tfw/fuzz/IlaFuzzSpec$LengthFunction" sourcefilename="IlaFuzzSpec.java"/><class name="tfw/fuzz/IlaFuzzSpec$CreateFunction" sourcefilename="IlaFuzzSpec.java"/><class name="tfw/fuzz/IlaFuzzHarness" sourcefilename="IlaFuzzHarness.java"><method name="&lt;init&gt;" desc="(Ltfw/fuzz/IlaFuzzSpec;)V" line="8"><counter type="INSTRUCTION" missed="0" covered="6"/><counter type="LINE" missed="0" covered="3"/><counter type="COMPLEXITY" missed="0" covered="1"/><counter type="METHOD" missed="0" covered="1"/></method><method name="fuzz" desc="(Lcom/code_intelligence/jazzer/api/FuzzedDataProvider;)V" line="13"><counter type="INSTRUCTION" missed="7" covered="45"/><counter type="BRANCH" missed="0" covered="2"/><counter type="LINE" missed="2" covered="13"/><counter type="COMPLEXITY" missed="0" covered="2"/><counter type="METHOD" missed="0" covered="1"/></method><method name="verifyNullCreate" desc="()V" line="66"><counter type="INSTRUCTION" missed="29" covered="3"/><counter type="LINE" missed="8" covered="3"/><counter type="COMPLEXITY" missed="0" covered="1"/><counter type="METHOD" missed="0" covered="1"/></method><method name="verifyLength" desc="(Ljava/lang/Object;Ltfw/fuzz/IlaFuzzInput;)V" line="88"><counter type="INSTRUCTION" missed="9" covered="12"/><counter type="BRANCH" missed="1" covered="1"/><counter type="LINE" missed="1" covered="3"/><counter type="COMPLEXITY" missed="1" covered="1"/><counter type="METHOD" missed="0" covered="1"/></method><method name="verifyElement" desc="(Ljava/lang/Object;Ljava/lang/Object;I)V" line="96"><counter type="INSTRUCTION" missed="0" covered="27"/><counter type="LINE" missed="0" covered="6"/><counter type="COMPLEXITY" missed="0" covered="1"/><counter type="METHOD" missed="0" covered="1"/></method><method name="verifyFuzzedGet" desc="(Ljava/lang/Object;Ljava/lang/Object;Ltfw/fuzz/IlaFuzzInput;)V" line="108"><counter type="INSTRUCTION" missed="22" covered="59"/><counter type="BRANCH" missed="2" covered="2"/><counter type="LINE" missed="4" covered="14"/><counter type="COMPLEXITY" missed="2" covered="1"/><counter type="METHOD" missed="0" covered="1"/></method><method name="verifyNullDestination" desc="(Ljava/lang/Object;Ltfw/fuzz/IlaFuzzInput;)V" line="148"><counter type="INSTRUCTION" missed="22" covered="21"/><counter type="BRANCH" missed="2" covered="2"/><counter type="LINE" missed="4" covered="6"/><counter type="COMPLEXITY" missed="2" covered="1"/><counter type="METHOD" missed="0" covered="1"/></method><method name="verifySuccessfulGet" desc="(Ljava/lang/Object;Ljava/lang/Object;Ljava/lang/Object;Ltfw/fuzz/IlaFuzzInput;)V" line="167"><counter type="INSTRUCTION" missed="0" covered="66"/><counter type="BRANCH" missed="0" covered="10"/><counter type="LINE" missed="0" covered="14"/><counter type="COMPLEXITY" missed="0" covered="6"/><counter type="METHOD" missed="0" covered="1"/></method><method name="verifyUnchanged" desc="(Ljava/lang/Object;Ljava/lang/Object;Ltfw/fuzz/IlaFuzzInput;)V" line="207"><counter type="INSTRUCTION" missed="0" covered="19"/><counter type="BRANCH" missed="0" covered="2"/><counter type="LINE" missed="0" covered="4"/><counter type="COMPLEXITY" missed="0" covered="2"/><counter type="METHOD" missed="0" covered="1"/></method><method name="isValidGet" desc="(JIIJI)Z" line="224"><counter type="INSTRUCTION" missed="4" covered="57"/><counter type="BRANCH" missed="2" covered="18"/><counter type="LINE" missed="2" covered="19"/><counter type="COMPLEXITY" missed="2" covered="9"/><counter type="METHOD" missed="0" covered="1"/></method><method name="assertSentinel" desc="(Ljava/lang/Object;I)V" line="276"><counter type="INSTRUCTION" missed="1" covered="0"/><counter type="LINE" missed="1" covered="0"/><counter type="COMPLEXITY" missed="1" covered="0"/><counter type="METHOD" missed="1" covered="0"/></method><method name="failure" desc="(Ltfw/fuzz/IlaFuzzInput;Ljava/lang/String;Ljava/lang/Throwable;)Ljava/lang/AssertionError;" line="279"><counter type="INSTRUCTION" missed="21" covered="0"/><counter type="BRANCH" missed="2" covered="0"/><counter type="LINE" missed="4" covered="0"/><counter type="COMPLEXITY" missed="2" covered="0"/><counter type="METHOD" missed="1" covered="0"/></method><counter type="INSTRUCTION" missed="115" covered="315"/><counter type="BRANCH" missed="9" covered="37"/><counter type="LINE" missed="26" covered="85"/><counter type="COMPLEXITY" missed="10" covered="25"/><counter type="METHOD" missed="2" covered="10"/><counter type="CLASS" missed="0" covered="1"/></class><class name="tfw/fuzz/IlaFuzzSpec" sourcefilename="IlaFuzzSpec.java"><method name="&lt;init&gt;" desc="(Ljava/lang/String;Ltfw/fuzz/IlaArrayAdapter;Ltfw/fuzz/IlaFuzzSpec$CreateFunction;Ltfw/fuzz/IlaFuzzSpec$LengthFunction;Ltfw/fuzz/IlaFuzzSpec$GetFunction;)V" line="36"><counter type="INSTRUCTION" missed="0" covered="18"/><counter type="LINE" missed="0" covered="7"/><counter type="COMPLEXITY" missed="0" covered="1"/><counter type="METHOD" missed="0" covered="1"/></method><method name="name" desc="()Ljava/lang/String;" line="46"><counter type="INSTRUCTION" missed="3" covered="0"/><counter type="LINE" missed="1" covered="0"/><counter type="COMPLEXITY" missed="1" covered="0"/><counter type="METHOD" missed="1" covered="0"/></method><method name="adapter" desc="()Ltfw/fuzz/IlaArrayAdapter;" line="50"><counter type="INSTRUCTION" missed="0" covered="3"/><counter type="LINE" missed="0" covered="1"/><counter type="COMPLEXITY" missed="0" covered="1"/><counter type="METHOD" missed="0" covered="1"/></method><method name="create" desc="(Ljava/lang/Object;)Ljava/lang/Object;" line="54"><counter type="INSTRUCTION" missed="0" covered="5"/><counter type="LINE" missed="0" covered="1"/><counter type="COMPLEXITY" missed="0" covered="1"/><counter type="METHOD" missed="0" covered="1"/></method><method name="length" desc="(Ljava/lang/Object;)J" line="58"><counter type="INSTRUCTION" missed="0" covered="5"/><counter type="LINE" missed="0" covered="1"/><counter type="COMPLEXITY" missed="0" covered="1"/><counter type="METHOD" missed="0" covered="1"/></method><method name="get" desc="(Ljava/lang/Object;Ljava/lang/Object;IJI)V" line="63"><counter type="INSTRUCTION" missed="0" covered="9"/><counter type="LINE" missed="0" covered="2"/><counter type="COMPLEXITY" missed="0" covered="1"/><counter type="METHOD" missed="0" covered="1"/></method><counter type="INSTRUCTION" missed="3" covered="40"/><counter type="LINE" missed="1" covered="12"/><counter type="COMPLEXITY" missed="1" covered="5"/><counter type="METHOD" missed="1" covered="5"/><counter type="CLASS" missed="0" covered="1"/></class><class name="tfw/fuzz/IlaArrayAdapter" sourcefilename="IlaArrayAdapter.java"/><class name="tfw/fuzz/IlaFuzzInput" sourcefilename="IlaFuzzInput.java"><method name="&lt;init&gt;" desc="(IIIJI)V" line="19"><counter type="INSTRUCTION" missed="0" covered="18"/><counter type="LINE" missed="0" covered="7"/><counter type="COMPLEXITY" missed="0" covered="1"/><counter type="METHOD" missed="0" covered="1"/></method><method name="consume" desc="(Lcom/code_intelligence/jazzer/api/FuzzedDataProvider;)Ltfw/fuzz/IlaFuzzInput;" line="30"><counter type="INSTRUCTION" missed="0" covered="18"/><counter type="LINE" missed="0" covered="6"/><counter type="COMPLEXITY" missed="0" covered="1"/><counter type="METHOD" missed="0" covered="1"/></method><method name="sourceLength" desc="()I" line="39"><counter type="INSTRUCTION" missed="0" covered="3"/><counter type="LINE" missed="0" covered="1"/><counter type="COMPLEXITY" missed="0" covered="1"/><counter type="METHOD" missed="0" covered="1"/></method><method name="destinationLength" desc="()I" line="43"><counter type="INSTRUCTION" missed="0" covered="3"/><counter type="LINE" missed="0" covered="1"/><counter type="COMPLEXITY" missed="0" covered="1"/><counter type="METHOD" missed="0" covered="1"/></method><method name="offset" desc="()I" line="47"><counter type="INSTRUCTION" missed="0" covered="3"/><counter type="LINE" missed="0" covered="1"/><counter type="COMPLEXITY" missed="0" covered="1"/><counter type="METHOD" missed="0" covered="1"/></method><method name="start" desc="()J" line="51"><counter type="INSTRUCTION" missed="0" covered="3"/><counter type="LINE" missed="0" covered="1"/><counter type="COMPLEXITY" missed="0" covered="1"/><counter type="METHOD" missed="0" covered="1"/></method><method name="length" desc="()I" line="55"><counter type="INSTRUCTION" missed="0" covered="3"/><counter type="LINE" missed="0" covered="1"/><counter type="COMPLEXITY" missed="0" covered="1"/><counter type="METHOD" missed="0" covered="1"/></method><method name="toString" desc="()Ljava/lang/String;" line="60"><counter type="INSTRUCTION" missed="12" covered="0"/><counter type="LINE" missed="1" covered="0"/><counter type="COMPLEXITY" missed="1" covered="0"/><counter type="METHOD" missed="1" covered="0"/></method><counter type="INSTRUCTION" missed="12" covered="51"/><counter type="LINE" missed="1" covered="18"/><counter type="COMPLEXITY" missed="1" covered="7"/><counter type="METHOD" missed="1" covered="7"/><counter type="CLASS" missed="0" covered="1"/></class><class name="tfw/fuzz/IlaFuzzSpec$GetFunction" sourcefilename="IlaFuzzSpec.java"/><sourcefile name="IlaFuzzSpec.java"><line nr="36" mi="0" ci="2" mb="0" cb="0"/><line nr="38" mi="0" ci="3" mb="0" cb="0"/><line nr="39" mi="0" ci="3" mb="0" cb="0"/><line nr="40" mi="0" ci="3" mb="0" cb="0"/><line nr="41" mi="0" ci="3" mb="0" cb="0"/><line nr="42" mi="0" ci="3" mb="0" cb="0"/><line nr="43" mi="0" ci="1" mb="0" cb="0"/><line nr="46" mi="3" ci="0" mb="0" cb="0"/><line nr="50" mi="0" ci="3" mb="0" cb="0"/><line nr="54" mi="0" ci="5" mb="0" cb="0"/><line nr="58" mi="0" ci="5" mb="0" cb="0"/><line nr="63" mi="0" ci="8" mb="0" cb="0"/><line nr="64" mi="0" ci="1" mb="0" cb="0"/><counter type="INSTRUCTION" missed="3" covered="40"/><counter type="LINE" missed="1" covered="12"/><counter type="COMPLEXITY" missed="1" covered="5"/><counter type="METHOD" missed="1" covered="5"/><counter type="CLASS" missed="0" covered="1"/></sourcefile><sourcefile name="IlaArrayAdapter.java"/><sourcefile name="IlaFuzzInput.java"><line nr="19" mi="0" ci="2" mb="0" cb="0"/><line nr="21" mi="0" ci="3" mb="0" cb="0"/><line nr="22" mi="0" ci="3" mb="0" cb="0"/><line nr="23" mi="0" ci="3" mb="0" cb="0"/><line nr="24" mi="0" ci="3" mb="0" cb="0"/><line nr="25" mi="0" ci="3" mb="0" cb="0"/><line nr="26" mi="0" ci="1" mb="0" cb="0"/><line nr="30" mi="0" ci="6" mb="0" cb="0"/><line nr="31" mi="0" ci="4" mb="0" cb="0"/><line nr="32" mi="0" ci="2" mb="0" cb="0"/><line nr="33" mi="0" ci="2" mb="0" cb="0"/><line nr="34" mi="0" ci="2" mb="0" cb="0"/><line nr="35" mi="0" ci="2" mb="0" cb="0"/><line nr="39" mi="0" ci="3" mb="0" cb="0"/><line nr="43" mi="0" ci="3" mb="0" cb="0"/><line nr="47" mi="0" ci="3" mb="0" cb="0"/><line nr="51" mi="0" ci="3" mb="0" cb="0"/><line nr="55" mi="0" ci="3" mb="0" cb="0"/><line nr="60" mi="12" ci="0" mb="0" cb="0"/><counter type="INSTRUCTION" missed="12" covered="51"/><counter type="LINE" missed="1" covered="18"/><counter type="COMPLEXITY" missed="1" covered="7"/><counter type="METHOD" missed="1" covered="7"/><counter type="CLASS" missed="0" covered="1"/></sourcefile><sourcefile name="IlaFuzzHarness.java"><line nr="8" mi="0" ci="2" mb="0" cb="0"/><line nr="9" mi="0" ci="3" mb="0" cb="0"/><line nr="10" mi="0" ci="1" mb="0" cb="0"/><line nr="13" mi="0" ci="3" mb="0" cb="0"/><line nr="15" mi="0" ci="4" mb="0" cb="0"/><line nr="17" mi="0" ci="5" mb="0" cb="0"/><line nr="19" mi="0" ci="3" mb="0" cb="0"/><line nr="28" mi="0" ci="2" mb="0" cb="0"/><line nr="33" mi="0" ci="5" mb="0" cb="0"/><line nr="34" mi="1" ci="0" mb="0" cb="0"/><line nr="35" mi="6" ci="0" mb="0" cb="0"/><line nr="36" mi="0" ci="1" mb="0" cb="0"/><line nr="38" mi="0" ci="4" mb="0" cb="0"/><line nr="44" mi="0" ci="3" mb="0" cb="2"/><line nr="45" mi="0" ci="5" mb="0" cb="0"/><line nr="51" mi="0" ci="5" mb="0" cb="0"/><line nr="61" mi="0" ci="4" mb="0" cb="0"/><line nr="62" mi="0" ci="1" mb="0" cb="0"/><line nr="66" mi="5" ci="0" mb="0" cb="0"/><line nr="68" mi="8" ci="0" mb="0" cb="0"/><line nr="70" mi="0" ci="1" mb="0" cb="0"/><line nr="74" mi="1" ci="0" mb="0" cb="0"/><line nr="75" mi="2" ci="0" mb="0" cb="0"/><line nr="77" mi="1" ci="0" mb="0" cb="0"/><line nr="78" mi="4" ci="0" mb="0" cb="0"/><line nr="79" mi="2" ci="0" mb="0" cb="0"/><line nr="81" mi="6" ci="0" mb="0" cb="0"/><line nr="84" mi="0" ci="1" mb="0" cb="0"/><line nr="85" mi="0" ci="1" mb="0" cb="0"/><line nr="88" mi="0" ci="5" mb="0" cb="0"/><line nr="90" mi="0" ci="6" mb="1" cb="1"/><line nr="91" mi="9" ci="0" mb="0" cb="0"/><line nr="93" mi="0" ci="1" mb="0" cb="0"/><line nr="96" mi="0" ci="4" mb="0" cb="0"/><line nr="98" mi="0" ci="4" mb="0" cb="0"/><line nr="100" mi="0" ci="3" mb="0" cb="0"/><line nr="102" mi="0" ci="9" mb="0" cb="0"/><line nr="104" mi="0" ci="6" mb="0" cb="0"/><line nr="105" mi="0" ci="1" mb="0" cb="0"/><line nr="108" mi="0" ci="4" mb="0" cb="0"/><line nr="110" mi="0" ci="3" mb="0" cb="0"/><line nr="111" mi="0" ci="10" mb="0" cb="0"/><line nr="113" mi="0" ci="5" mb="0" cb="0"/><line nr="115" mi="0" ci="3" mb="0" cb="0"/><line nr="117" mi="0" ci="4" mb="0" cb="0"/><line nr="120" mi="0" ci="11" mb="0" cb="0"/><line nr="122" mi="0" ci="2" mb="1" cb="1"/><line nr="123" mi="6" ci="0" mb="0" cb="0"/><line nr="126" mi="0" ci="6" mb="0" cb="0"/><line nr="128" mi="0" ci="1" mb="0" cb="0"/><line nr="130" mi="0" ci="2" mb="1" cb="1"/><line nr="131" mi="6" ci="0" mb="0" cb="0"/><line nr="138" mi="0" ci="5" mb="0" cb="0"/><line nr="140" mi="1" ci="0" mb="0" cb="0"/><line nr="142" mi="9" ci="0" mb="0" cb="0"/><line nr="143" mi="0" ci="2" mb="0" cb="0"/><line nr="144" mi="0" ci="1" mb="0" cb="0"/><line nr="148" mi="0" ci="11" mb="0" cb="0"/><line nr="150" mi="0" ci="3" mb="1" cb="1"/><line nr="151" mi="6" ci="0" mb="0" cb="0"/><line nr="154" mi="0" ci="1" mb="0" cb="0"/><line nr="156" mi="0" ci="3" mb="1" cb="1"/><line nr="157" mi="6" ci="0" mb="0" cb="0"/><line nr="160" mi="1" ci="0" mb="0" cb="0"/><line nr="162" mi="9" ci="0" mb="0" cb="0"/><line nr="163" mi="0" ci="2" mb="0" cb="0"/><line nr="164" mi="0" ci="1" mb="0" cb="0"/><line nr="167" mi="0" ci="4" mb="0" cb="0"/><line nr="173" mi="0" ci="3" mb="0" cb="2"/><line nr="174" mi="0" ci="5" mb="0" cb="0"/><line nr="175" mi="0" ci="1" mb="0" cb="0"/><line nr="182" mi="0" ci="4" mb="0" cb="0"/><line nr="184" mi="0" ci="8" mb="0" cb="2"/><line nr="186" mi="0" ci="11" mb="0" cb="0"/><line nr="192" mi="0" ci="3" mb="0" cb="0"/><line nr="194" mi="0" ci="5" mb="0" cb="0"/><line nr="196" mi="0" ci="8" mb="0" cb="2"/><line nr="198" mi="0" ci="6" mb="0" cb="4"/><line nr="199" mi="0" ci="1" mb="0" cb="0"/><line nr="202" mi="0" ci="6" mb="0" cb="0"/><line nr="204" mi="0" ci="1" mb="0" cb="0"/><line nr="207" mi="0" ci="4" mb="0" cb="0"/><line nr="209" mi="0" ci="8" mb="0" cb="2"/><line nr="211" mi="0" ci="6" mb="0" cb="0"/><line nr="213" mi="0" ci="1" mb="0" cb="0"/><line nr="224" mi="0" ci="2" mb="0" cb="2"/><line nr="225" mi="0" ci="2" mb="0" cb="0"/><line nr="228" mi="0" ci="4" mb="1" cb="1"/><line nr="229" mi="2" ci="0" mb="0" cb="0"/><line nr="232" mi="0" ci="2" mb="1" cb="1"/><line nr="233" mi="2" ci="0" mb="0" cb="0"/><line nr="236" mi="0" ci="2" mb="0" cb="2"/><line nr="237" mi="0" ci="2" mb="0" cb="0"/><line nr="240" mi="0" ci="4" mb="0" cb="2"/><line nr="241" mi="0" ci="2" mb="0" cb="0"/><line nr="244" mi="0" ci="2" mb="0" cb="2"/><line nr="245" mi="0" ci="2" mb="0" cb="0"/><line nr="248" mi="0" ci="3" mb="0" cb="2"/><line nr="249" mi="0" ci="2" mb="0" cb="0"/><line nr="252" mi="0" ci="4" mb="0" cb="2"/><line nr="253" mi="0" ci="2" mb="0" cb="0"/><line nr="259" mi="0" ci="9" mb="0" cb="2"/><line nr="260" mi="0" ci="2" mb="0" cb="0"/><line nr="263" mi="0" ci="7" mb="0" cb="2"/><line nr="264" mi="0" ci="2" mb="0" cb="0"/><line nr="267" mi="0" ci="2" mb="0" cb="0"/><line nr="276" mi="1" ci="0" mb="0" cb="0"/><line nr="279" mi="8" ci="0" mb="0" cb="0"/><line nr="281" mi="2" ci="0" mb="2" cb="0"/><line nr="282" mi="5" ci="0" mb="0" cb="0"/><line nr="285" mi="6" ci="0" mb="0" cb="0"/><counter type="INSTRUCTION" missed="115" covered="315"/><counter type="BRANCH" missed="9" covered="37"/><counter type="LINE" missed="26" covered="85"/><counter type="COMPLEXITY" missed="10" covered="25"/><counter type="METHOD" missed="2" covered="10"/><counter type="CLASS" missed="0" covered="1"/></sourcefile><counter type="INSTRUCTION" missed="130" covered="406"/><counter type="BRANCH" missed="9" covered="37"/><counter type="LINE" missed="28" covered="115"/><counter type="COMPLEXITY" missed="12" covered="37"/><counter type="METHOD" missed="4" covered="22"/><counter type="CLASS" missed="0" covered="3"/></package><package name="com/sun/tools/attach/spi"><class name="com/sun/tools/attach/spi/AttachProvider" sourcefilename="AttachProvider.java"><method name="&lt;init&gt;" desc="()V" line="91"><counter type="INSTRUCTION" missed="6" covered="7"/><counter type="BRANCH" missed="1" covered="1"/><counter type="LINE" missed="1" covered="4"/><counter type="COMPLEXITY" missed="1" covered="1"/><counter type="METHOD" missed="0" covered="1"/></method><method name="attachVirtualMachine" desc="(Lcom/sun/tools/attach/VirtualMachineDescriptor;)Lcom/sun/tools/attach/VirtualMachine;" line="192"><counter type="INSTRUCTION" missed="14" covered="0"/><counter type="BRANCH" missed="2" covered="0"/><counter type="LINE" missed="3" covered="0"/><counter type="COMPLEXITY" missed="2" covered="0"/><counter type="METHOD" missed="1" covered="0"/></method><method name="providers" desc="()Ljava/util/List;" line="250"><counter type="INSTRUCTION" missed="12" covered="33"/><counter type="BRANCH" missed="3" covered="3"/><counter type="LINE" missed="5" covered="11"/><counter type="COMPLEXITY" missed="2" covered="2"/><counter type="METHOD" missed="0" covered="1"/></method><method name="&lt;clinit&gt;" desc="()V" line="80"><counter type="INSTRUCTION" missed="0" covered="7"/><counter type="LINE" missed="0" covered="2"/><counter type="COMPLEXITY" missed="0" covered="1"/><counter type="METHOD" missed="0" covered="1"/></method><counter type="INSTRUCTION" missed="32" covered="47"/><counter type="BRANCH" missed="6" covered="4"/><counter type="LINE" missed="9" covered="17"/><counter type="COMPLEXITY" missed="5" covered="4"/><counter type="METHOD" missed="1" covered="3"/><counter type="CLASS" missed="0" covered="1"/></class><sourcefile name="AttachProvider.java"><line nr="80" mi="0" ci="4" mb="0" cb="0"/><line nr="81" mi="0" ci="3" mb="0" cb="0"/><line nr="91" mi="0" ci="2" mb="0" cb="0"/><line nr="93" mi="0" ci="2" mb="0" cb="0"/><line nr="94" mi="0" ci="2" mb="1" cb="1"/><line nr="95" mi="6" ci="0" mb="0" cb="0"/><line nr="96" mi="0" ci="1" mb="0" cb="0"/><line nr="192" mi="4" ci="0" mb="2" cb="0"/><line nr="193" mi="5" ci="0" mb="0" cb="0"/><line nr="195" mi="5" ci="0" mb="0" cb="0"/><line nr="250" mi="0" ci="4" mb="0" cb="0"/><line nr="251" mi="0" ci="2" mb="1" cb="1"/><line nr="252" mi="0" ci="4" mb="0" cb="0"/><line nr="254" mi="0" ci="2" mb="0" cb="0"/><line nr="255" mi="0" ci="2" mb="0" cb="0"/><line nr="256" mi="0" ci="1" mb="0" cb="0"/><line nr="258" mi="0" ci="3" mb="0" cb="0"/><line nr="260" mi="0" ci="3" mb="0" cb="2"/><line nr="262" mi="0" ci="6" mb="0" cb="0"/><line nr="263" mi="1" ci="0" mb="0" cb="0"/><line nr="264" mi="3" ci="0" mb="2" cb="0"/><line nr="265" mi="3" ci="0" mb="0" cb="0"/><line nr="266" mi="2" ci="0" mb="0" cb="0"/><line nr="269" mi="2" ci="0" mb="0" cb="0"/><line nr="270" mi="1" ci="1" mb="0" cb="0"/><line nr="273" mi="0" ci="5" mb="0" cb="0"/><counter type="INSTRUCTION" missed="32" covered="47"/><counter type="BRANCH" missed="6" covered="4"/><counter type="LINE" missed="9" covered="17"/><counter type="COMPLEXITY" missed="5" covered="4"/><counter type="METHOD" missed="1" covered="3"/><counter type="CLASS" missed="0" covered="1"/></sourcefile><counter type="INSTRUCTION" missed="32" covered="47"/><counter type="BRANCH" missed="6" covered="4"/><counter type="LINE" missed="9" covered="17"/><counter type="COMPLEXITY" missed="5" covered="4"/><counter type="METHOD" missed="1" covered="3"/><counter type="CLASS" missed="0" covered="1"/></package><package name="tfw/immutable/ilaf/byteilaf"><class name="tfw/immutable/ilaf/byteilaf/ByteIlaFactory" sourcefilename="ByteIlaFactory.java"/><class name="tfw/immutable/ilaf/byteilaf/ByteIlaFactoryFromArrayFuzzer" sourcefilename="ByteIlaFactoryFromArrayFuzzer.java"><method name="fuzzerTestOneInput" desc="(Lcom/code_intelligence/jazzer/api/FuzzedDataProvider;)V" line="47"><counter type="INSTRUCTION" missed="0" covered="4"/><counter type="LINE" missed="0" covered="2"/><counter type="COMPLEXITY" missed="0" covered="1"/><counter type="METHOD" missed="0" covered="1"/></method><method name="lambda$static$0" desc="([B)Ltfw/immutable/ila/byteila/ByteIla;" line="38"><counter type="INSTRUCTION" missed="0" covered="4"/><counter type="LINE" missed="0" covered="1"/><counter type="COMPLEXITY" missed="0" covered="1"/><counter type="METHOD" missed="0" covered="1"/></method><method name="&lt;clinit&gt;" desc="()V" line="10"><counter type="INSTRUCTION" missed="0" covered="17"/><counter type="LINE" missed="0" covered="2"/><counter type="COMPLEXITY" missed="0" covered="1"/><counter type="METHOD" missed="0" covered="1"/></method><counter type="INSTRUCTION" missed="0" covered="25"/><counter type="LINE" missed="0" covered="5"/><counter type="COMPLEXITY" missed="0" covered="3"/><counter type="METHOD" missed="0" covered="3"/><counter type="CLASS" missed="0" covered="1"/></class><class name="tfw/immutable/ilaf/byteilaf/ByteIlaFactoryFromArrayFuzzer$1" sourcefilename="ByteIlaFactoryFromArrayFuzzer.java"><method name="&lt;init&gt;" desc="()V" line="12"><counter type="INSTRUCTION" missed="0" covered="3"/><counter type="LINE" missed="0" covered="1"/><counter type="COMPLEXITY" missed="0" covered="1"/><counter type="METHOD" missed="0" covered="1"/></method><method name="create" desc="(I)[B" line="15"><counter type="INSTRUCTION" missed="0" covered="3"/><counter type="LINE" missed="0" covered="1"/><counter type="COMPLEXITY" missed="0" covered="1"/><counter type="METHOD" missed="0" covered="1"/></method><method name="initialize" desc="([B)V" line="20"><counter type="INSTRUCTION" missed="0" covered="18"/><counter type="BRANCH" missed="0" covered="2"/><counter type="LINE" missed="0" covered="3"/><counter type="COMPLEXITY" missed="0" covered="2"/><counter type="METHOD" missed="0" covered="1"/></method><method name="copy" desc="([B)[B" line="27"><counter type="INSTRUCTION" missed="0" covered="4"/><counter type="LINE" missed="0" covered="1"/><counter type="COMPLEXITY" missed="0" covered="1"/><counter type="METHOD" missed="0" covered="1"/></method><method name="assertElementEquals" desc="([BI[BI)V" line="32"><counter type="INSTRUCTION" missed="11" covered="8"/><counter type="BRANCH" missed="1" covered="1"/><counter type="LINE" missed="1" covered="2"/><counter type="COMPLEXITY" missed="1" covered="1"/><counter type="METHOD" missed="0" covered="1"/></method><counter type="INSTRUCTION" missed="11" covered="36"/><counter type="BRANCH" missed="1" covered="3"/><counter type="LINE" missed="1" covered="8"/><counter type="COMPLEXITY" missed="1" covered="6"/><counter type="METHOD" missed="0" covered="5"/><counter type="CLASS" missed="0" covered="1"/></class><class name="tfw/immutable/ilaf/byteilaf/ByteIlaFactoryFromArray" sourcefilename="ByteIlaFactoryFromArray.java"><method name="create" desc="([B)Ltfw/immutable/ilaf/byteilaf/ByteIlaFactory;" line="9"><counter type="INSTRUCTION" missed="0" covered="3"/><counter type="LINE" missed="0" covered="1"/><counter type="COMPLEXITY" missed="0" covered="1"/><counter type="METHOD" missed="0" covered="1"/></method><method name="lambda$create$0" desc="([B)Ltfw/immutable/ila/byteila/ByteIla;" line="9"><counter type="INSTRUCTION" missed="0" covered="3"/><counter type="LINE" missed="0" covered="1"/><counter type="COMPLEXITY" missed="0" covered="1"/><counter type="METHOD" missed="0" covered="1"/></method><counter type="INSTRUCTION" missed="0" covered="6"/><counter type="LINE" missed="0" covered="1"/><counter type="COMPLEXITY" missed="0" covered="2"/><counter type="METHOD" missed="0" covered="2"/><counter type="CLASS" missed="0" covered="1"/></class><sourcefile name="ByteIlaFactoryFromArray.java"><line nr="9" mi="0" ci="6" mb="0" cb="0"/><counter type="INSTRUCTION" missed="0" covered="6"/><counter type="LINE" missed="0" covered="1"/><counter type="COMPLEXITY" missed="0" covered="2"/><counter type="METHOD" missed="0" covered="2"/><counter type="CLASS" missed="0" covered="1"/></sourcefile><sourcefile name="ByteIlaFactory.java"/><sourcefile name="ByteIlaFactoryFromArrayFuzzer.java"><line nr="10" mi="0" ci="11" mb="0" cb="0"/><line nr="12" mi="0" ci="3" mb="0" cb="0"/><line nr="15" mi="0" ci="3" mb="0" cb="0"/><line nr="20" mi="0" ci="8" mb="0" cb="2"/><line nr="21" mi="0" ci="9" mb="0" cb="0"/><line nr="23" mi="0" ci="1" mb="0" cb="0"/><line nr="27" mi="0" ci="4" mb="0" cb="0"/><line nr="32" mi="0" ci="7" mb="1" cb="1"/><line nr="33" mi="11" ci="0" mb="0" cb="0"/><line nr="36" mi="0" ci="1" mb="0" cb="0"/><line nr="38" mi="0" ci="4" mb="0" cb="0"/><line nr="42" mi="0" ci="6" mb="0" cb="0"/><line nr="47" mi="0" ci="3" mb="0" cb="0"/><line nr="48" mi="0" ci="1" mb="0" cb="0"/><counter type="INSTRUCTION" missed="11" covered="61"/><counter type="BRANCH" missed="1" covered="3"/><counter type="LINE" missed="1" covered="13"/><counter type="COMPLEXITY" missed="1" covered="9"/><counter type="METHOD" missed="0" covered="8"/><counter type="CLASS" missed="0" covered="2"/></sourcefile><counter type="INSTRUCTION" missed="11" covered="67"/><counter type="BRANCH" missed="1" covered="3"/><counter type="LINE" missed="1" covered="14"/><counter type="COMPLEXITY" missed="1" covered="11"/><counter type="METHOD" missed="0" covered="10"/><counter type="CLASS" missed="0" covered="3"/></package><package name="sun/jvmstat/perfdata/monitor/v2_0"><class name="sun/jvmstat/perfdata/monitor/v2_0/PerfDataBuffer" sourcefilename="PerfDataBuffer.java"><method name="&lt;init&gt;" desc="(Ljava/nio/ByteBuffer;I)V" line="113"><counter type="INSTRUCTION" missed="0" covered="18"/><counter type="LINE" missed="0" covered="4"/><counter type="COMPLEXITY" missed="0" covered="1"/><counter type="METHOD" missed="0" covered="1"/></method><method name="buildMonitorMap" desc="(Ljava/util/Map;)V" line="122"><counter type="INSTRUCTION" missed="4" covered="50"/><counter type="BRANCH" missed="2" covered="4"/><counter type="LINE" missed="0" covered="13"/><counter type="COMPLEXITY" missed="2" covered="2"/><counter type="METHOD" missed="0" covered="1"/></method><method name="getNewMonitors" desc="(Ljava/util/Map;)V" line="168"><counter type="INSTRUCTION" missed="53" covered="0"/><counter type="BRANCH" missed="12" covered="0"/><counter type="LINE" missed="14" covered="0"/><counter type="COMPLEXITY" missed="7" covered="0"/><counter type="METHOD" missed="1" covered="0"/></method><method name="getMonitorStatus" desc="(Ljava/util/Map;)Lsun/jvmstat/perfdata/monitor/MonitorStatus;" line="195"><counter type="INSTRUCTION" missed="37" covered="0"/><counter type="BRANCH" missed="8" covered="0"/><counter type="LINE" missed="7" covered="0"/><counter type="COMPLEXITY" missed="5" covered="0"/><counter type="METHOD" missed="1" covered="0"/></method><method name="buildPseudoMonitors" desc="(Ljava/util/Map;)V" line="213"><counter type="INSTRUCTION" missed="0" covered="131"/><counter type="LINE" missed="0" covered="29"/><counter type="COMPLEXITY" missed="0" covered="1"/><counter type="METHOD" missed="0" covered="1"/></method><method name="synchWithTarget" desc="()V" line="265"><counter type="INSTRUCTION" missed="13" covered="10"/><counter type="BRANCH" missed="3" covered="1"/><counter type="LINE" missed="3" covered="3"/><counter type="COMPLEXITY" missed="2" covered="1"/><counter type="METHOD" missed="0" covered="1"/></method><method name="getNextMonitorEntry" desc="()Lsun/jvmstat/monitor/Monitor;" line="286"><counter type="INSTRUCTION" missed="179" covered="259"/><counter type="BRANCH" missed="30" covered="36"/><counter type="LINE" missed="43" covered="58"/><counter type="COMPLEXITY" missed="28" covered="6"/><counter type="METHOD" missed="0" covered="1"/></method><method name="&lt;clinit&gt;" desc="()V" line="63"><counter type="INSTRUCTION" missed="2" covered="16"/><counter type="BRANCH" missed="1" covered="1"/><counter type="LINE" missed="0" covered="4"/><counter type="COMPLEXITY" missed="1" covered="1"/><counter type="METHOD" missed="0" covered="1"/></method><counter type="INSTRUCTION" missed="288" covered="484"/><counter type="BRANCH" missed="56" covered="42"/><counter type="LINE" missed="67" covered="111"/><counter type="COMPLEXITY" missed="45" covered="12"/><counter type="METHOD" missed="2" covered="6"/><counter type="CLASS" missed="0" covered="1"/></class><class name="sun/jvmstat/perfdata/monitor/v2_0/PerfDataBufferPrologue" sourcefilename="PerfDataBufferPrologue.java"><method name="&lt;init&gt;" desc="(Ljava/nio/ByteBuffer;)V" line="95"><counter type="INSTRUCTION" missed="4" covered="13"/><counter type="BRANCH" missed="3" covered="3"/><counter type="LINE" missed="0" covered="3"/><counter type="COMPLEXITY" missed="3" covered="1"/><counter type="METHOD" missed="0" covered="1"/></method><method name="supportsAccessible" desc="()Z" line="103"><counter type="INSTRUCTION" missed="0" covered="2"/><counter type="LINE" missed="0" covered="1"/><counter type="COMPLEXITY" missed="0" covered="1"/><counter type="METHOD" missed="0" covered="1"/></method><method name="isAccessible" desc="()Z" line="110"><counter type="INSTRUCTION" missed="5" covered="19"/><counter type="BRANCH" missed="3" covered="3"/><counter type="LINE" missed="0" covered="4"/><counter type="COMPLEXITY" missed="3" covered="1"/><counter type="METHOD" missed="0" covered="1"/></method><method name="getUsed" desc="()I" line="122"><counter type="INSTRUCTION" missed="9" covered="0"/><counter type="LINE" missed="2" covered="0"/><counter type="COMPLEXITY" missed="1" covered="0"/><counter type="METHOD" missed="1" covered="0"/></method><method name="getBufferSize" desc="()I" line="132"><counter type="INSTRUCTION" missed="4" covered="0"/><counter type="LINE" missed="1" covered="0"/><counter type="COMPLEXITY" missed="1" covered="0"/><counter type="METHOD" missed="1" covered="0"/></method><method name="getOverflow" desc="()I" line="144"><counter type="INSTRUCTION" missed="9" covered="0"/><counter type="LINE" missed="2" covered="0"/><counter type="COMPLEXITY" missed="1" covered="0"/><counter type="METHOD" missed="1" covered="0"/></method><method name="getModificationTimeStamp" desc="()J" line="157"><counter type="INSTRUCTION" missed="9" covered="0"/><counter type="LINE" missed="2" covered="0"/><counter type="COMPLEXITY" missed="1" covered="0"/><counter type="METHOD" missed="1" covered="0"/></method><method name="getEntryOffset" desc="()I" line="165"><counter type="INSTRUCTION" missed="0" covered="9"/><counter type="LINE" missed="0" covered="2"/><counter type="COMPLEXITY" missed="0" covered="1"/><counter type="METHOD" missed="0" covered="1"/></method><method name="getNumEntries" desc="()I" line="173"><counter type="INSTRUCTION" missed="0" covered="9"/><counter type="LINE" missed="0" covered="2"/><counter type="COMPLEXITY" missed="0" covered="1"/><counter type="METHOD" missed="0" covered="1"/></method><method name="getSize" desc="()I" line="181"><counter type="INSTRUCTION" missed="2" covered="0"/><counter type="LINE" missed="1" covered="0"/><counter type="COMPLEXITY" missed="1" covered="0"/><counter type="METHOD" missed="1" covered="0"/></method><method name="usedBuffer" desc="()Ljava/nio/IntBuffer;" line="193"><counter type="INSTRUCTION" missed="0" covered="15"/><counter type="LINE" missed="0" covered="4"/><counter type="COMPLEXITY" missed="0" covered="1"/><counter type="METHOD" missed="0" covered="1"/></method><method name="sizeBuffer" desc="()Ljava/nio/IntBuffer;" line="208"><counter type="INSTRUCTION" missed="0" covered="11"/><counter type="LINE" missed="0" covered="3"/><counter type="COMPLEXITY" missed="0" covered="1"/><counter type="METHOD" missed="0" covered="1"/></method><method name="overflowBuffer" desc="()Ljava/nio/IntBuffer;" line="222"><counter type="INSTRUCTION" missed="0" covered="15"/><counter type="LINE" missed="0" covered="4"/><counter type="COMPLEXITY" missed="0" covered="1"/><counter type="METHOD" missed="0" covered="1"/></method><method name="modificationTimeStampBuffer" desc="()Ljava/nio/LongBuffer;" line="237"><counter type="INSTRUCTION" missed="0" covered="15"/><counter type="LINE" missed="0" covered="4"/><counter type="COMPLEXITY" missed="0" covered="1"/><counter type="METHOD" missed="0" covered="1"/></method><method name="numEntriesBuffer" desc="()Ljava/nio/IntBuffer;" line="252"><counter type="INSTRUCTION" missed="15" covered="0"/><counter type="LINE" missed="4" covered="0"/><counter type="COMPLEXITY" missed="1" covered="0"/><counter type="METHOD" missed="1" covered="0"/></method><method name="&lt;clinit&gt;" desc="()V" line="52"><counter type="INSTRUCTION" missed="2" covered="6"/><counter type="BRANCH" missed="1" covered="1"/><counter type="LINE" missed="0" covered="1"/><counter type="COMPLEXITY" missed="1" covered="1"/><counter type="METHOD" missed="0" covered="1"/></method><counter type="INSTRUCTION" missed="59" covered="114"/><counter type="BRANCH" missed="7" covered="7"/><counter type="LINE" missed="12" covered="28"/><counter type="COMPLEXITY" missed="13" covered="10"/><counter type="METHOD" missed="6" covered="10"/><counter type="CLASS" missed="0" covered="1"/></class><class name="sun/jvmstat/perfdata/monitor/v2_0/TypeCode" sourcefilename="TypeCode.java"><method name="toString" desc="()Ljava/lang/String;" line="62"><counter type="INSTRUCTION" missed="3" covered="0"/><counter type="LINE" missed="1" covered="0"/><counter type="COMPLEXITY" missed="1" covered="0"/><counter type="METHOD" missed="1" covered="0"/></method><method name="toChar" desc="()I" line="71"><counter type="INSTRUCTION" missed="3" covered="0"/><counter type="LINE" missed="1" covered="0"/><counter type="COMPLEXITY" missed="1" covered="0"/><counter type="METHOD" missed="1" covered="0"/></method><method name="toTypeCode" desc="(C)Lsun/jvmstat/perfdata/monitor/v2_0/TypeCode;" line="84"><counter type="INSTRUCTION" missed="4" covered="18"/><counter type="BRANCH" missed="1" covered="3"/><counter type="LINE" missed="1" covered="3"/><counter type="COMPLEXITY" missed="1" covered="2"/><counter type="METHOD" missed="0" covered="1"/></method><method name="toTypeCode" desc="(B)Lsun/jvmstat/perfdata/monitor/v2_0/TypeCode;" line="103"><counter type="INSTRUCTION" missed="0" covered="4"/><counter type="LINE" missed="0" covered="1"/><counter type="COMPLEXITY" missed="0" covered="1"/><counter type="METHOD" missed="0" covered="1"/></method><method name="&lt;init&gt;" desc="(Ljava/lang/String;C)V" line="106"><counter type="INSTRUCTION" missed="0" covered="9"/><counter type="LINE" missed="0" covered="4"/><counter type="COMPLEXITY" missed="0" covered="1"/><counter type="METHOD" missed="0" covered="1"/></method><method name="&lt;clinit&gt;" desc="()V" line="39"><counter type="INSTRUCTION" missed="0" covered="114"/><counter type="LINE" missed="0" covered="12"/><counter type="COMPLEXITY" missed="0" covered="1"/><counter type="METHOD" missed="0" covered="1"/></method><counter type="INSTRUCTION" missed="10" covered="145"/><counter type="BRANCH" missed="1" covered="3"/><counter type="LINE" missed="3" covered="20"/><counter type="COMPLEXITY" missed="3" covered="5"/><counter type="METHOD" missed="2" covered="4"/><counter type="CLASS" missed="0" covered="1"/></class><sourcefile name="PerfDataBufferPrologue.java"><line nr="52" mi="2" ci="6" mb="1" cb="1"/><line nr="95" mi="0" ci="3" mb="0" cb="0"/><line nr="96" mi="4" ci="9" mb="3" cb="3"/><line nr="97" mi="0" ci="1" mb="0" cb="0"/><line nr="103" mi="0" ci="2" mb="0" cb="0"/><line nr="110" mi="4" ci="5" mb="2" cb="2"/><line nr="111" mi="0" ci="5" mb="0" cb="0"/><line nr="112" mi="0" ci="4" mb="0" cb="0"/><line nr="113" mi="1" ci="5" mb="1" cb="1"/><line nr="122" mi="5" ci="0" mb="0" cb="0"/><line nr="123" mi="4" ci="0" mb="0" cb="0"/><line nr="132" mi="4" ci="0" mb="0" cb="0"/><line nr="144" mi="5" ci="0" mb="0" cb="0"/><line nr="145" mi="4" ci="0" mb="0" cb="0"/><line nr="157" mi="5" ci="0" mb="0" cb="0"/><line nr="158" mi="4" ci="0" mb="0" cb="0"/><line nr="165" mi="0" ci="5" mb="0" cb="0"/><line nr="166" mi="0" ci="4" mb="0" cb="0"/><line nr="173" mi="0" ci="5" mb="0" cb="0"/><line nr="174" mi="0" ci="4" mb="0" cb="0"/><line nr="181" mi="2" ci="0" mb="0" cb="0"/><line nr="193" mi="0" ci="5" mb="0" cb="0"/><line nr="194" mi="0" ci="4" mb="0" cb="0"/><line nr="195" mi="0" ci="4" mb="0" cb="0"/><line nr="196" mi="0" ci="2" mb="0" cb="0"/><line nr="208" mi="0" ci="3" mb="0" cb="0"/><line nr="209" mi="0" ci="6" mb="0" cb="0"/><line nr="210" mi="0" ci="2" mb="0" cb="0"/><line nr="222" mi="0" ci="5" mb="0" cb="0"/><line nr="223" mi="0" ci="4" mb="0" cb="0"/><line nr="224" mi="0" ci="4" mb="0" cb="0"/><line nr="225" mi="0" ci="2" mb="0" cb="0"/><line nr="237" mi="0" ci="5" mb="0" cb="0"/><line nr="238" mi="0" ci="4" mb="0" cb="0"/><line nr="239" mi="0" ci="4" mb="0" cb="0"/><line nr="240" mi="0" ci="2" mb="0" cb="0"/><line nr="252" mi="5" ci="0" mb="0" cb="0"/><line nr="253" mi="4" ci="0" mb="0" cb="0"/><line nr="254" mi="4" ci="0" mb="0" cb="0"/><line nr="255" mi="2" ci="0" mb="0" cb="0"/><counter type="INSTRUCTION" missed="59" covered="114"/><counter type="BRANCH" missed="7" covered="7"/><counter type="LINE" missed="12" covered="28"/><counter type="COMPLEXITY" missed="13" covered="10"/><counter type="METHOD" missed="6" covered="10"/><counter type="CLASS" missed="0" covered="1"/></sourcefile><sourcefile name="TypeCode.java"><line nr="39" mi="0" ci="6" mb="0" cb="0"/><line nr="40" mi="0" ci="6" mb="0" cb="0"/><line nr="41" mi="0" ci="6" mb="0" cb="0"/><line nr="42" mi="0" ci="6" mb="0" cb="0"/><line nr="43" mi="0" ci="6" mb="0" cb="0"/><line nr="44" mi="0" ci="6" mb="0" cb="0"/><line nr="45" mi="0" ci="6" mb="0" cb="0"/><line nr="46" mi="0" ci="6" mb="0" cb="0"/><line nr="47" mi="0" ci="6" mb="0" cb="0"/><line nr="48" mi="0" ci="6" mb="0" cb="0"/><line nr="49" mi="0" ci="6" mb="0" cb="0"/><line nr="51" mi="0" ci="48" mb="0" cb="0"/><line nr="62" mi="3" ci="0" mb="0" cb="0"/><line nr="71" mi="3" ci="0" mb="0" cb="0"/><line nr="84" mi="0" ci="8" mb="1" cb="1"/><line nr="85" mi="0" ci="6" mb="0" cb="2"/><line nr="86" mi="0" ci="4" mb="0" cb="0"/><line nr="89" mi="4" ci="0" mb="0" cb="0"/><line nr="103" mi="0" ci="4" mb="0" cb="0"/><line nr="106" mi="0" ci="2" mb="0" cb="0"/><line nr="107" mi="0" ci="3" mb="0" cb="0"/><line nr="108" mi="0" ci="3" mb="0" cb="0"/><line nr="109" mi="0" ci="1" mb="0" cb="0"/><counter type="INSTRUCTION" missed="10" covered="145"/><counter type="BRANCH" missed="1" covered="3"/><counter type="LINE" missed="3" covered="20"/><counter type="COMPLEXITY" missed="3" covered="5"/><counter type="METHOD" missed="2" covered="4"/><counter type="CLASS" missed="0" covered="1"/></sourcefile><sourcefile name="PerfDataBuffer.java"><line nr="63" mi="2" ci="5" mb="1" cb="1"/><line nr="67" mi="0" ci="2" mb="0" cb="0"/><line nr="68" mi="0" ci="3" mb="0" cb="0"/><line nr="69" mi="0" ci="6" mb="0" cb="0"/><line nr="113" mi="0" ci="4" mb="0" cb="0"/><line nr="114" mi="0" ci="6" mb="0" cb="0"/><line nr="115" mi="0" ci="7" mb="0" cb="0"/><line nr="116" mi="0" ci="1" mb="0" cb="0"/><line nr="122" mi="4" ci="5" mb="2" cb="2"/><line nr="125" mi="0" ci="4" mb="0" cb="0"/><line nr="128" mi="0" ci="3" mb="0" cb="0"/><line nr="132" mi="0" ci="2" mb="0" cb="0"/><line nr="135" mi="0" ci="5" mb="0" cb="0"/><line nr="138" mi="0" ci="4" mb="0" cb="0"/><line nr="141" mi="0" ci="3" mb="0" cb="0"/><line nr="142" mi="0" ci="2" mb="0" cb="2"/><line nr="143" mi="0" ci="6" mb="0" cb="0"/><line nr="144" mi="0" ci="4" mb="0" cb="0"/><line nr="158" mi="0" ci="4" mb="0" cb="0"/><line nr="161" mi="0" ci="7" mb="0" cb="0"/><line nr="162" mi="0" ci="1" mb="0" cb="0"/><line nr="168" mi="9" ci="0" mb="4" cb="0"/><line nr="170" mi="4" ci="0" mb="0" cb="0"/><line nr="172" mi="6" ci="0" mb="2" cb="0"/><line nr="173" mi="4" ci="0" mb="0" cb="0"/><line nr="174" mi="3" ci="0" mb="0" cb="0"/><line nr="176" mi="2" ci="0" mb="2" cb="0"/><line nr="177" mi="3" ci="0" mb="0" cb="0"/><line nr="180" mi="4" ci="0" mb="2" cb="0"/><line nr="181" mi="5" ci="0" mb="0" cb="0"/><line nr="182" mi="3" ci="0" mb="2" cb="0"/><line nr="183" mi="5" ci="0" mb="0" cb="0"/><line nr="186" mi="3" ci="0" mb="0" cb="0"/><line nr="187" mi="1" ci="0" mb="0" cb="0"/><line nr="189" mi="1" ci="0" mb="0" cb="0"/><line nr="195" mi="9" ci="0" mb="4" cb="0"/><line nr="196" mi="9" ci="0" mb="4" cb="0"/><line nr="199" mi="3" ci="0" mb="0" cb="0"/><line nr="202" mi="2" ci="0" mb="0" cb="0"/><line nr="203" mi="3" ci="0" mb="0" cb="0"/><line nr="205" mi="5" ci="0" mb="0" cb="0"/><line nr="206" mi="6" ci="0" mb="0" cb="0"/><line nr="213" mi="0" ci="2" mb="0" cb="0"/><line nr="214" mi="0" ci="2" mb="0" cb="0"/><line nr="215" mi="0" ci="2" mb="0" cb="0"/><line nr="217" mi="0" ci="2" mb="0" cb="0"/><line nr="218" mi="0" ci="4" mb="0" cb="0"/><line nr="219" mi="0" ci="9" mb="0" cb="0"/><line nr="221" mi="0" ci="5" mb="0" cb="0"/><line nr="223" mi="0" ci="2" mb="0" cb="0"/><line nr="224" mi="0" ci="4" mb="0" cb="0"/><line nr="225" mi="0" ci="9" mb="0" cb="0"/><line nr="227" mi="0" ci="5" mb="0" cb="0"/><line nr="229" mi="0" ci="2" mb="0" cb="0"/><line nr="230" mi="0" ci="4" mb="0" cb="0"/><line nr="231" mi="0" ci="9" mb="0" cb="0"/><line nr="233" mi="0" ci="5" mb="0" cb="0"/><line nr="235" mi="0" ci="2" mb="0" cb="0"/><line nr="236" mi="0" ci="4" mb="0" cb="0"/><line nr="237" mi="0" ci="9" mb="0" cb="0"/><line nr="239" mi="0" ci="5" mb="0" cb="0"/><line nr="241" mi="0" ci="2" mb="0" cb="0"/><line nr="242" mi="0" ci="4" mb="0" cb="0"/><line nr="243" mi="0" ci="9" mb="0" cb="0"/><line nr="245" mi="0" ci="5" mb="0" cb="0"/><line nr="246" mi="0" ci="4" mb="0" cb="0"/><line nr="248" mi="0" ci="2" mb="0" cb="0"/><line nr="249" mi="0" ci="4" mb="0" cb="0"/><line nr="250" mi="0" ci="9" mb="0" cb="0"/><line nr="252" mi="0" ci="5" mb="0" cb="0"/><line nr="253" mi="0" ci="1" mb="0" cb="0"/><line nr="265" mi="0" ci="5" mb="0" cb="0"/><line nr="268" mi="0" ci="4" mb="1" cb="1"/><line nr="271" mi="4" ci="0" mb="0" cb="0"/><line nr="273" mi="4" ci="0" mb="2" cb="0"/><line nr="274" mi="5" ci="0" mb="0" cb="0"/><line nr="277" mi="0" ci="1" mb="0" cb="0"/><line nr="286" mi="0" ci="2" mb="0" cb="0"/><line nr="289" mi="0" ci="5" mb="1" cb="1"/><line nr="290" mi="4" ci="0" mb="0" cb="0"/><line nr="292" mi="4" ci="0" mb="0" cb="0"/><line nr="296" mi="0" ci="9" mb="2" cb="2"/><line nr="297" mi="4" ci="0" mb="0" cb="0"/><line nr="299" mi="3" ci="0" mb="0" cb="0"/><line nr="300" mi="5" ci="0" mb="0" cb="0"/><line nr="304" mi="0" ci="6" mb="1" cb="1"/><line nr="305" mi="2" ci="0" mb="0" cb="0"/><line nr="308" mi="0" ci="6" mb="0" cb="0"/><line nr="310" mi="0" ci="4" mb="0" cb="0"/><line nr="311" mi="0" ci="4" mb="0" cb="0"/><line nr="314" mi="0" ci="7" mb="2" cb="2"/><line nr="315" mi="4" ci="0" mb="0" cb="0"/><line nr="317" mi="4" ci="0" mb="0" cb="0"/><line nr="321" mi="0" ci="7" mb="1" cb="1"/><line nr="322" mi="3" ci="0" mb="0" cb="0"/><line nr="324" mi="2" ci="0" mb="0" cb="0"/><line nr="325" mi="3" ci="0" mb="0" cb="0"/><line nr="326" mi="5" ci="0" mb="0" cb="0"/><line nr="329" mi="0" ci="2" mb="0" cb="2"/><line nr="331" mi="0" ci="2" mb="0" cb="0"/><line nr="335" mi="0" ci="4" mb="0" cb="0"/><line nr="336" mi="0" ci="4" mb="0" cb="0"/><line nr="337" mi="0" ci="4" mb="0" cb="0"/><line nr="338" mi="0" ci="4" mb="0" cb="0"/><line nr="339" mi="0" ci="4" mb="0" cb="0"/><line nr="340" mi="0" ci="4" mb="0" cb="0"/><line nr="341" mi="0" ci="4" mb="0" cb="0"/><line nr="344" mi="0" ci="3" mb="0" cb="0"/><line nr="345" mi="0" ci="3" mb="0" cb="0"/><line nr="346" mi="0" ci="2" mb="0" cb="0"/><line nr="347" mi="0" ci="8" mb="0" cb="2"/><line nr="350" mi="0" ci="3" mb="0" cb="0"/><line nr="352" mi="1" ci="0" mb="0" cb="0"/><line nr="353" mi="4" ci="0" mb="0" cb="0"/><line nr="355" mi="2" ci="0" mb="0" cb="0"/><line nr="356" mi="4" ci="0" mb="0" cb="0"/><line nr="357" mi="0" ci="1" mb="0" cb="0"/><line nr="360" mi="0" ci="3" mb="1" cb="1"/><line nr="361" mi="4" ci="0" mb="0" cb="0"/><line nr="363" mi="2" ci="0" mb="0" cb="0"/><line nr="364" mi="4" ci="0" mb="0" cb="0"/><line nr="368" mi="0" ci="3" mb="1" cb="1"/><line nr="369" mi="4" ci="0" mb="0" cb="0"/><line nr="371" mi="2" ci="0" mb="0" cb="0"/><line nr="372" mi="4" ci="0" mb="0" cb="0"/><line nr="376" mi="0" ci="3" mb="1" cb="1"/><line nr="377" mi="4" ci="0" mb="0" cb="0"/><line nr="379" mi="2" ci="0" mb="0" cb="0"/><line nr="380" mi="4" ci="0" mb="0" cb="0"/><line nr="383" mi="0" ci="3" mb="1" cb="1"/><line nr="384" mi="4" ci="0" mb="0" cb="0"/><line nr="386" mi="2" ci="0" mb="0" cb="0"/><line nr="387" mi="4" ci="0" mb="0" cb="0"/><line nr="398" mi="4" ci="9" mb="2" cb="2"/><line nr="399" mi="4" ci="5" mb="2" cb="2"/><line nr="402" mi="0" ci="4" mb="0" cb="0"/><line nr="405" mi="4" ci="5" mb="2" cb="2"/><line nr="409" mi="0" ci="3" mb="0" cb="0"/><line nr="410" mi="0" ci="2" mb="0" cb="0"/><line nr="412" mi="0" ci="9" mb="1" cb="3"/><line nr="413" mi="0" ci="6" mb="0" cb="0"/><line nr="416" mi="4" ci="5" mb="2" cb="2"/><line nr="419" mi="4" ci="9" mb="2" cb="2"/><line nr="422" mi="0" ci="7" mb="0" cb="0"/><line nr="428" mi="0" ci="4" mb="0" cb="0"/><line nr="431" mi="0" ci="7" mb="0" cb="0"/><line nr="433" mi="0" ci="2" mb="0" cb="2"/><line nr="435" mi="0" ci="3" mb="1" cb="1"/><line nr="436" mi="0" ci="4" mb="0" cb="0"/><line nr="437" mi="0" ci="4" mb="0" cb="0"/><line nr="438" mi="0" ci="9" mb="0" cb="0"/><line nr="440" mi="0" ci="1" mb="0" cb="0"/><line nr="445" mi="4" ci="0" mb="0" cb="0"/><line nr="447" mi="5" ci="0" mb="0" cb="0"/><line nr="450" mi="4" ci="0" mb="0" cb="0"/><line nr="454" mi="0" ci="3" mb="1" cb="1"/><line nr="455" mi="0" ci="3" mb="1" cb="1"/><line nr="457" mi="4" ci="0" mb="0" cb="0"/><line nr="460" mi="5" ci="0" mb="0" cb="0"/><line nr="463" mi="4" ci="0" mb="0" cb="0"/><line nr="465" mi="4" ci="0" mb="0" cb="0"/><line nr="468" mi="0" ci="4" mb="0" cb="0"/><line nr="469" mi="0" ci="4" mb="0" cb="0"/><line nr="471" mi="0" ci="3" mb="0" cb="2"/><line nr="472" mi="0" ci="8" mb="0" cb="0"/><line nr="474" mi="0" ci="3" mb="1" cb="1"/><line nr="475" mi="0" ci="11" mb="0" cb="0"/><line nr="477" mi="3" ci="0" mb="2" cb="0"/><line nr="479" mi="4" ci="0" mb="0" cb="0"/><line nr="482" mi="5" ci="0" mb="0" cb="0"/><line nr="485" mi="4" ci="0" mb="0" cb="0"/><line nr="488" mi="6" ci="0" mb="2" cb="0"/><line nr="490" mi="0" ci="1" mb="0" cb="0"/><line nr="492" mi="4" ci="0" mb="0" cb="0"/><line nr="495" mi="5" ci="0" mb="0" cb="0"/><line nr="498" mi="4" ci="0" mb="0" cb="0"/><line nr="503" mi="0" ci="5" mb="0" cb="0"/><line nr="504" mi="0" ci="2" mb="0" cb="0"/><counter type="INSTRUCTION" missed="288" covered="484"/><counter type="BRANCH" missed="56" covered="42"/><counter type="LINE" missed="67" covered="111"/><counter type="COMPLEXITY" missed="45" covered="12"/><counter type="METHOD" missed="2" covered="6"/><counter type="CLASS" missed="0" covered="1"/></sourcefile><counter type="INSTRUCTION" missed="357" covered="743"/><counter type="BRANCH" missed="64" covered="52"/><counter type="LINE" missed="82" covered="159"/><counter type="COMPLEXITY" missed="61" covered="27"/><counter type="METHOD" missed="10" covered="20"/><counter type="CLASS" missed="0" covered="3"/></package><package name="tfw/check"><class name="tfw/check/Argument" sourcefilename="Argument.java"><method name="assertNotNull" desc="(Ljava/lang/Object;Ljava/lang/String;)V" line="39"><counter type="INSTRUCTION" missed="0" covered="17"/><counter type="BRANCH" missed="0" covered="2"/><counter type="LINE" missed="0" covered="4"/><counter type="COMPLEXITY" missed="0" covered="2"/><counter type="METHOD" missed="0" covered="1"/></method><method name="assertNotEmpty" desc="([Ljava/lang/Object;Ljava/lang/String;)V" line="55"><counter type="INSTRUCTION" missed="21" covered="0"/><counter type="BRANCH" missed="2" covered="0"/><counter type="LINE" missed="5" covered="0"/><counter type="COMPLEXITY" missed="2" covered="0"/><counter type="METHOD" missed="1" covered="0"/></method><method name="assertNotEmpty" desc="(Ljava/lang/String;Ljava/lang/String;)V" line="73"><counter type="INSTRUCTION" missed="21" covered="0"/><counter type="BRANCH" missed="2" covered="0"/><counter type="LINE" missed="5" covered="0"/><counter type="COMPLEXITY" missed="2" covered="0"/><counter type="METHOD" missed="1" covered="0"/></method><method name="assertElementNotNull" desc="([Ljava/lang/Object;Ljava/lang/String;)V" line="91"><counter type="INSTRUCTION" missed="35" covered="0"/><counter type="BRANCH" missed="4" covered="0"/><counter type="LINE" missed="6" covered="0"/><counter type="COMPLEXITY" missed="3" covered="0"/><counter type="METHOD" missed="1" covered="0"/></method><method name="assertGreaterThan" desc="(IILjava/lang/String;)V" line="111"><counter type="INSTRUCTION" missed="28" covered="0"/><counter type="BRANCH" missed="2" covered="0"/><counter type="LINE" missed="4" covered="0"/><counter type="COMPLEXITY" missed="2" covered="0"/><counter type="METHOD" missed="1" covered="0"/></method><method name="assertGreaterThanOrEqualTo" desc="(IILjava/lang/String;)V" line="127"><counter type="INSTRUCTION" missed="28" covered="0"/><counter type="BRANCH" missed="2" covered="0"/><counter type="LINE" missed="5" covered="0"/><counter type="COMPLEXITY" missed="2" covered="0"/><counter type="METHOD" missed="1" covered="0"/></method><method name="assertGreaterThanOrEqualTo" desc="(JJLjava/lang/String;)V" line="144"><counter type="INSTRUCTION" missed="29" covered="0"/><counter type="BRANCH" missed="2" covered="0"/><counter type="LINE" missed="5" covered="0"/><counter type="COMPLEXITY" missed="2" covered="0"/><counter type="METHOD" missed="1" covered="0"/></method><method name="assertEquals" desc="(IILjava/lang/String;Ljava/lang/String;)V" line="161"><counter type="INSTRUCTION" missed="32" covered="0"/><counter type="BRANCH" missed="2" covered="0"/><counter type="LINE" missed="4" covered="0"/><counter type="COMPLEXITY" missed="2" covered="0"/><counter type="METHOD" missed="1" covered="0"/></method><method name="assertEquals" desc="(JJLjava/lang/String;Ljava/lang/String;)V" line="177"><counter type="INSTRUCTION" missed="33" covered="0"/><counter type="BRANCH" missed="2" covered="0"/><counter type="LINE" missed="4" covered="0"/><counter type="COMPLEXITY" missed="2" covered="0"/><counter type="METHOD" missed="1" covered="0"/></method><method name="assertNotGreaterThan" desc="(JJLjava/lang/String;Ljava/lang/String;)V" line="193"><counter type="INSTRUCTION" missed="0" covered="33"/><counter type="BRANCH" missed="0" covered="2"/><counter type="LINE" missed="0" covered="4"/><counter type="COMPLEXITY" missed="0" covered="2"/><counter type="METHOD" missed="0" covered="1"/></method><method name="assertNotGreaterThan" desc="(Ljava/math/BigInteger;Ljava/math/BigInteger;Ljava/lang/String;Ljava/lang/String;)V" line="210"><counter type="INSTRUCTION" missed="33" covered="0"/><counter type="BRANCH" missed="2" covered="0"/><counter type="LINE" missed="5" covered="0"/><counter type="COMPLEXITY" missed="2" covered="0"/><counter type="METHOD" missed="1" covered="0"/></method><method name="assertNotGreaterThan" desc="(IILjava/lang/String;)V" line="227"><counter type="INSTRUCTION" missed="28" covered="0"/><counter type="BRANCH" missed="2" covered="0"/><counter type="LINE" missed="4" covered="0"/><counter type="COMPLEXITY" missed="2" covered="0"/><counter type="METHOD" missed="1" covered="0"/></method><method name="assertNotGreaterThan" desc="(DDLjava/lang/String;)V" line="243"><counter type="INSTRUCTION" missed="29" covered="0"/><counter type="BRANCH" missed="2" covered="0"/><counter type="LINE" missed="4" covered="0"/><counter type="COMPLEXITY" missed="2" covered="0"/><counter type="METHOD" missed="1" covered="0"/></method><method name="assertNotLessThan" desc="(IILjava/lang/String;)V" line="259"><counter type="INSTRUCTION" missed="0" covered="28"/><counter type="BRANCH" missed="0" covered="2"/><counter type="LINE" missed="0" covered="4"/><counter type="COMPLEXITY" missed="0" covered="2"/><counter type="METHOD" missed="0" covered="1"/></method><method name="assertNotLessThan" desc="(JJLjava/lang/String;)V" line="275"><counter type="INSTRUCTION" missed="0" covered="29"/><counter type="BRANCH" missed="0" covered="2"/><counter type="LINE" missed="0" covered="4"/><counter type="COMPLEXITY" missed="0" covered="2"/><counter type="METHOD" missed="0" covered="1"/></method><method name="assertGreaterThanOrEqualTo" desc="(DDLjava/lang/String;)V" line="291"><counter type="INSTRUCTION" missed="29" covered="0"/><counter type="BRANCH" missed="2" covered="0"/><counter type="LINE" missed="4" covered="0"/><counter type="COMPLEXITY" missed="2" covered="0"/><counter type="METHOD" missed="1" covered="0"/></method><method name="assertGreaterThanOrEqualTo" desc="(Ljava/math/BigInteger;Ljava/math/BigInteger;Ljava/lang/String;)V" line="307"><counter type="INSTRUCTION" missed="29" covered="0"/><counter type="BRANCH" missed="2" covered="0"/><counter type="LINE" missed="5" covered="0"/><counter type="COMPLEXITY" missed="2" covered="0"/><counter type="METHOD" missed="1" covered="0"/></method><method name="assertLessThan" desc="(JJLjava/lang/String;Ljava/lang/String;)V" line="324"><counter type="INSTRUCTION" missed="0" covered="33"/><counter type="BRANCH" missed="0" covered="2"/><counter type="LINE" missed="0" covered="4"/><counter type="COMPLEXITY" missed="0" covered="2"/><counter type="METHOD" missed="0" covered="1"/></method><method name="assertLessThan" desc="(DDLjava/lang/String;Ljava/lang/String;)V" line="340"><counter type="INSTRUCTION" missed="33" covered="0"/><counter type="BRANCH" missed="2" covered="0"/><counter type="LINE" missed="4" covered="0"/><counter type="COMPLEXITY" missed="2" covered="0"/><counter type="METHOD" missed="1" covered="0"/></method><method name="assertNotEquals" desc="(IILjava/lang/String;)V" line="356"><counter type="INSTRUCTION" missed="28" covered="0"/><counter type="BRANCH" missed="2" covered="0"/><counter type="LINE" missed="4" covered="0"/><counter type="COMPLEXITY" missed="2" covered="0"/><counter type="METHOD" missed="1" covered="0"/></method><method name="assertNotGreaterThan" desc="(DDLjava/lang/String;Ljava/lang/String;)V" line="372"><counter type="INSTRUCTION" missed="33" covered="0"/><counter type="BRANCH" missed="2" covered="0"/><counter type="LINE" missed="4" covered="0"/><counter type="COMPLEXITY" missed="2" covered="0"/><counter type="METHOD" missed="1" covered="0"/></method><method name="assertInstanceOf" desc="(Ljava/lang/Class;Ljava/lang/Object;Ljava/lang/String;)V" line="388"><counter type="INSTRUCTION" missed="24" covered="0"/><counter type="BRANCH" missed="2" covered="0"/><counter type="LINE" missed="4" covered="0"/><counter type="COMPLEXITY" missed="2" covered="0"/><counter type="METHOD" missed="1" covered="0"/></method><counter type="INSTRUCTION" missed="493" covered="140"/><counter type="BRANCH" missed="36" covered="10"/><counter type="LINE" missed="76" covered="20"/><counter type="COMPLEXITY" missed="35" covered="10"/><counter type="METHOD" missed="17" covered="5"/><counter type="CLASS" missed="0" covered="1"/></class><sourcefile name="Argument.java"><line nr="39" mi="0" ci="2" mb="0" cb="2"/><line nr="40" mi="0" ci="9" mb="0" cb="0"/><line nr="42" mi="0" ci="5" mb="0" cb="0"/><line nr="44" mi="0" ci="1" mb="0" cb="0"/><line nr="55" mi="3" ci="0" mb="0" cb="0"/><line nr="57" mi="3" ci="0" mb="2" cb="0"/><line nr="58" mi="9" ci="0" mb="0" cb="0"/><line nr="60" mi="5" ci="0" mb="0" cb="0"/><line nr="62" mi="1" ci="0" mb="0" cb="0"/><line nr="73" mi="3" ci="0" mb="0" cb="0"/><line nr="75" mi="3" ci="0" mb="2" cb="0"/><line nr="76" mi="9" ci="0" mb="0" cb="0"/><line nr="78" mi="5" ci="0" mb="0" cb="0"/><line nr="80" mi="1" ci="0" mb="0" cb="0"/><line nr="91" mi="3" ci="0" mb="0" cb="0"/><line nr="93" mi="8" ci="0" mb="2" cb="0"/><line nr="94" mi="4" ci="0" mb="2" cb="0"/><line nr="95" mi="14" ci="0" mb="0" cb="0"/><line nr="97" mi="5" ci="0" mb="0" cb="0"/><line nr="100" mi="1" ci="0" mb="0" cb="0"/><line nr="111" mi="3" ci="0" mb="2" cb="0"/><line nr="112" mi="19" ci="0" mb="0" cb="0"/><line nr="114" mi="5" ci="0" mb="0" cb="0"/><line nr="116" mi="1" ci="0" mb="0" cb="0"/><line nr="127" mi="3" ci="0" mb="2" cb="0"/><line nr="128" mi="10" ci="0" mb="0" cb="0"/><line nr="129" mi="9" ci="0" mb="0" cb="0"/><line nr="131" mi="5" ci="0" mb="0" cb="0"/><line nr="133" mi="1" ci="0" mb="0" cb="0"/><line nr="144" mi="4" ci="0" mb="2" cb="0"/><line nr="145" mi="10" ci="0" mb="0" cb="0"/><line nr="146" mi="9" ci="0" mb="0" cb="0"/><line nr="148" mi="5" ci="0" mb="0" cb="0"/><line nr="150" mi="1" ci="0" mb="0" cb="0"/><line nr="161" mi="3" ci="0" mb="2" cb="0"/><line nr="162" mi="23" ci="0" mb="0" cb="0"/><line nr="164" mi="5" ci="0" mb="0" cb="0"/><line nr="166" mi="1" ci="0" mb="0" cb="0"/><line nr="177" mi="4" ci="0" mb="2" cb="0"/><line nr="178" mi="23" ci="0" mb="0" cb="0"/><line nr="180" mi="5" ci="0" mb="0" cb="0"/><line nr="182" mi="1" ci="0" mb="0" cb="0"/><line nr="193" mi="0" ci="4" mb="0" cb="2"/><line nr="194" mi="0" ci="23" mb="0" cb="0"/><line nr="196" mi="0" ci="5" mb="0" cb="0"/><line nr="198" mi="0" ci="1" mb="0" cb="0"/><line nr="210" mi="4" ci="0" mb="2" cb="0"/><line nr="211" mi="12" ci="0" mb="0" cb="0"/><line nr="212" mi="11" ci="0" mb="0" cb="0"/><line nr="214" mi="5" ci="0" mb="0" cb="0"/><line nr="216" mi="1" ci="0" mb="0" cb="0"/><line nr="227" mi="3" ci="0" mb="2" cb="0"/><line nr="228" mi="19" ci="0" mb="0" cb="0"/><line nr="230" mi="5" ci="0" mb="0" cb="0"/><line nr="232" mi="1" ci="0" mb="0" cb="0"/><line nr="243" mi="4" ci="0" mb="2" cb="0"/><line nr="244" mi="19" ci="0" mb="0" cb="0"/><line nr="246" mi="5" ci="0" mb="0" cb="0"/><line nr="248" mi="1" ci="0" mb="0" cb="0"/><line nr="259" mi="0" ci="3" mb="0" cb="2"/><line nr="260" mi="0" ci="19" mb="0" cb="0"/><line nr="262" mi="0" ci="5" mb="0" cb="0"/><line nr="264" mi="0" ci="1" mb="0" cb="0"/><line nr="275" mi="0" ci="4" mb="0" cb="2"/><line nr="276" mi="0" ci="19" mb="0" cb="0"/><line nr="278" mi="0" ci="5" mb="0" cb="0"/><line nr="280" mi="0" ci="1" mb="0" cb="0"/><line nr="291" mi="4" ci="0" mb="2" cb="0"/><line nr="292" mi="19" ci="0" mb="0" cb="0"/><line nr="294" mi="5" ci="0" mb="0" cb="0"/><line nr="296" mi="1" ci="0" mb="0" cb="0"/><line nr="307" mi="4" ci="0" mb="2" cb="0"/><line nr="308" mi="12" ci="0" mb="0" cb="0"/><line nr="309" mi="7" ci="0" mb="0" cb="0"/><line nr="311" mi="5" ci="0" mb="0" cb="0"/><line nr="313" mi="1" ci="0" mb="0" cb="0"/><line nr="324" mi="0" ci="4" mb="0" cb="2"/><line nr="325" mi="0" ci="23" mb="0" cb="0"/><line nr="327" mi="0" ci="5" mb="0" cb="0"/><line nr="329" mi="0" ci="1" mb="0" cb="0"/><line nr="340" mi="4" ci="0" mb="2" cb="0"/><line nr="341" mi="23" ci="0" mb="0" cb="0"/><line nr="343" mi="5" ci="0" mb="0" cb="0"/><line nr="345" mi="1" ci="0" mb="0" cb="0"/><line nr="356" mi="3" ci="0" mb="2" cb="0"/><line nr="357" mi="19" ci="0" mb="0" cb="0"/><line nr="359" mi="5" ci="0" mb="0" cb="0"/><line nr="361" mi="1" ci="0" mb="0" cb="0"/><line nr="372" mi="4" ci="0" mb="2" cb="0"/><line nr="373" mi="23" ci="0" mb="0" cb="0"/><line nr="375" mi="5" ci="0" mb="0" cb="0"/><line nr="377" mi="1" ci="0" mb="0" cb="0"/><line nr="388" mi="4" ci="0" mb="2" cb="0"/><line nr="389" mi="14" ci="0" mb="0" cb="0"/><line nr="391" mi="5" ci="0" mb="0" cb="0"/><line nr="393" mi="1" ci="0" mb="0" cb="0"/><counter type="INSTRUCTION" missed="493" covered="140"/><counter type="BRANCH" missed="36" covered="10"/><counter type="LINE" missed="76" covered="20"/><counter type="COMPLEXITY" missed="35" covered="10"/><counter type="METHOD" missed="17" covered="5"/><counter type="CLASS" missed="0" covered="1"/></sourcefile><counter type="INSTRUCTION" missed="493" covered="140"/><counter type="BRANCH" missed="36" covered="10"/><counter type="LINE" missed="76" covered="20"/><counter type="COMPLEXITY" missed="35" covered="10"/><counter type="METHOD" missed="17" covered="5"/><counter type="CLASS" missed="0" covered="1"/></package><package name="sun/jvmstat/perfdata/monitor/protocol/rmi"><class name="sun/jvmstat/perfdata/monitor/protocol/rmi/MonitoredHostRmiService" sourcefilename="MonitoredHostRmiService.java"><method name="&lt;init&gt;" desc="()V" line="33"><counter type="INSTRUCTION" missed="0" covered="3"/><counter type="LINE" missed="0" covered="1"/><counter type="COMPLEXITY" missed="0" covered="1"/><counter type="METHOD" missed="0" covered="1"/></method><method name="getMonitoredHost" desc="(Lsun/jvmstat/monitor/HostIdentifier;)Lsun/jvmstat/monitor/MonitoredHost;" line="37"><counter type="INSTRUCTION" missed="5" covered="0"/><counter type="LINE" missed="1" covered="0"/><counter type="COMPLEXITY" missed="1" covered="0"/><counter type="METHOD" missed="1" covered="0"/></method><method name="getScheme" desc="()Ljava/lang/String;" line="42"><counter type="INSTRUCTION" missed="0" covered="2"/><counter type="LINE" missed="0" covered="1"/><counter type="COMPLEXITY" missed="0" covered="1"/><counter type="METHOD" missed="0" covered="1"/></method><counter type="INSTRUCTION" missed="5" covered="5"/><counter type="LINE" missed="1" covered="2"/><counter type="COMPLEXITY" missed="1" covered="2"/><counter type="METHOD" missed="1" covered="2"/><counter type="CLASS" missed="0" covered="1"/></class><class name="sun/jvmstat/perfdata/monitor/protocol/rmi/MonitoredHostProvider" sourcefilename="MonitoredHostProvider.java"><method name="&lt;init&gt;" desc="(Lsun/jvmstat/monitor/HostIdentifier;)V" line="64"><counter type="INSTRUCTION" missed="127" covered="0"/><counter type="BRANCH" missed="12" covered="0"/><counter type="LINE" missed="33" covered="0"/><counter type="COMPLEXITY" missed="7" covered="0"/><counter type="METHOD" missed="1" covered="0"/></method><method name="getMonitoredVm" desc="(Lsun/jvmstat/monitor/VmIdentifier;)Lsun/jvmstat/monitor/MonitoredVm;" line="133"><counter type="INSTRUCTION" missed="5" covered="0"/><counter type="LINE" missed="1" covered="0"/><counter type="COMPLEXITY" missed="1" covered="0"/><counter type="METHOD" missed="1" covered="0"/></method><method name="getMonitoredVm" desc="(Lsun/jvmstat/monitor/VmIdentifier;I)Lsun/jvmstat/monitor/MonitoredVm;" line="141"><counter type="INSTRUCTION" missed="46" covered="0"/><counter type="LINE" missed="13" covered="0"/><counter type="COMPLEXITY" missed="1" covered="0"/><counter type="METHOD" missed="1" covered="0"/></method><method name="detach" desc="(Lsun/jvmstat/monitor/MonitoredVm;)V" line="169"><counter type="INSTRUCTION" missed="22" covered="0"/><counter type="LINE" missed="8" covered="0"/><counter type="COMPLEXITY" missed="1" covered="0"/><counter type="METHOD" missed="1" covered="0"/></method><method name="addHostListener" desc="(Lsun/jvmstat/monitor/event/HostListener;)V" line="184"><counter type="INSTRUCTION" missed="32" covered="0"/><counter type="BRANCH" missed="2" covered="0"/><counter type="LINE" missed="7" covered="0"/><counter type="COMPLEXITY" missed="2" covered="0"/><counter type="METHOD" missed="1" covered="0"/></method><method name="removeHostListener" desc="(Lsun/jvmstat/monitor/event/HostListener;)V" line="202"><counter type="INSTRUCTION" missed="28" covered="0"/><counter type="BRANCH" missed="4" covered="0"/><counter type="LINE" missed="7" covered="0"/><counter type="COMPLEXITY" missed="3" covered="0"/><counter type="METHOD" missed="1" covered="0"/></method><method name="setInterval" desc="(I)V" line="212"><counter type="INSTRUCTION" missed="46" covered="0"/><counter type="BRANCH" missed="4" covered="0"/><counter type="LINE" missed="12" covered="0"/><counter type="COMPLEXITY" missed="3" covered="0"/><counter type="METHOD" missed="1" covered="0"/></method><method name="activeVms" desc="()Ljava/util/Set;" line="234"><counter type="INSTRUCTION" missed="4" covered="0"/><counter type="LINE" missed="1" covered="0"/><counter type="COMPLEXITY" missed="1" covered="0"/><counter type="METHOD" missed="1" covered="0"/></method><method name="fireVmStatusChangedEvents" desc="(Ljava/util/Set;Ljava/util/Set;Ljava/util/Set;)V" line="252"><counter type="INSTRUCTION" missed="42" covered="0"/><counter type="BRANCH" missed="4" covered="0"/><counter type="LINE" missed="12" covered="0"/><counter type="COMPLEXITY" missed="3" covered="0"/><counter type="METHOD" missed="1" covered="0"/></method><method name="fireDisconnectedEvents" desc="()V" line="273"><counter type="INSTRUCTION" missed="39" covered="0"/><counter type="BRANCH" missed="4" covered="0"/><counter type="LINE" missed="12" covered="0"/><counter type="COMPLEXITY" missed="3" covered="0"/><counter type="METHOD" missed="1" covered="0"/></method><counter type="INSTRUCTION" missed="391" covered="0"/><counter type="BRANCH" missed="30" covered="0"/><counter type="LINE" missed="106" covered="0"/><counter type="COMPLEXITY" missed="25" covered="0"/><counter type="METHOD" missed="10" covered="0"/><counter type="CLASS" missed="1" covered="0"/></class><sourcefile name="MonitoredHostRmiService.java"><line nr="33" mi="0" ci="3" mb="0" cb="0"/><line nr="37" mi="5" ci="0" mb="0" cb="0"/><line nr="42" mi="0" ci="2" mb="0" cb="0"/><counter type="INSTRUCTION" missed="5" covered="5"/><counter type="LINE" missed="1" covered="2"/><counter type="COMPLEXITY" missed="1" covered="2"/><counter type="METHOD" missed="1" covered="2"/><counter type="CLASS" missed="0" covered="1"/></sourcefile><sourcefile name="MonitoredHostProvider.java"><line nr="64" mi="2" ci="0" mb="0" cb="0"/><line nr="65" mi="3" ci="0" mb="0" cb="0"/><line nr="66" mi="5" ci="0" mb="0" cb="0"/><line nr="67" mi="3" ci="0" mb="0" cb="0"/><line nr="68" mi="5" ci="0" mb="0" cb="0"/><line nr="71" mi="2" ci="0" mb="0" cb="0"/><line nr="72" mi="3" ci="0" mb="0" cb="0"/><line nr="74" mi="5" ci="0" mb="4" cb="0"/><line nr="75" mi="2" ci="0" mb="0" cb="0"/><line nr="78" mi="4" ci="0" mb="2" cb="0"/><line nr="79" mi="8" ci="0" mb="0" cb="0"/><line nr="81" mi="5" ci="0" mb="0" cb="0"/><line nr="85" mi="5" ci="0" mb="0" cb="0"/><line nr="87" mi="1" ci="0" mb="0" cb="0"/><line nr="97" mi="1" ci="0" mb="0" cb="0"/><line nr="98" mi="3" ci="0" mb="0" cb="0"/><line nr="100" mi="4" ci="0" mb="2" cb="0"/><line nr="101" mi="4" ci="0" mb="0" cb="0"/><line nr="104" mi="5" ci="0" mb="0" cb="0"/><line nr="107" mi="3" ci="0" mb="2" cb="0"/><line nr="108" mi="9" ci="0" mb="0" cb="0"/><line nr="110" mi="6" ci="0" mb="0" cb="0"/><line nr="113" mi="1" ci="0" mb="0" cb="0"/><line nr="115" mi="3" ci="0" mb="0" cb="0"/><line nr="116" mi="4" ci="0" mb="2" cb="0"/><line nr="117" mi="7" ci="0" mb="0" cb="0"/><line nr="119" mi="1" ci="0" mb="0" cb="0"/><line nr="121" mi="2" ci="0" mb="0" cb="0"/><line nr="122" mi="6" ci="0" mb="0" cb="0"/><line nr="123" mi="1" ci="0" mb="0" cb="0"/><line nr="124" mi="7" ci="0" mb="0" cb="0"/><line nr="125" mi="6" ci="0" mb="0" cb="0"/><line nr="126" mi="1" ci="0" mb="0" cb="0"/><line nr="133" mi="5" ci="0" mb="0" cb="0"/><line nr="141" mi="2" ci="0" mb="0" cb="0"/><line nr="143" mi="5" ci="0" mb="0" cb="0"/><line nr="144" mi="7" ci="0" mb="0" cb="0"/><line nr="145" mi="1" ci="0" mb="0" cb="0"/><line nr="146" mi="9" ci="0" mb="0" cb="0"/><line nr="148" mi="2" ci="0" mb="0" cb="0"/><line nr="149" mi="2" ci="0" mb="0" cb="0"/><line nr="151" mi="1" ci="0" mb="0" cb="0"/><line nr="152" mi="3" ci="0" mb="0" cb="0"/><line nr="153" mi="5" ci="0" mb="0" cb="0"/><line nr="154" mi="1" ci="0" mb="0" cb="0"/><line nr="160" mi="3" ci="0" mb="0" cb="0"/><line nr="161" mi="5" ci="0" mb="0" cb="0"/><line nr="169" mi="3" ci="0" mb="0" cb="0"/><line nr="170" mi="2" ci="0" mb="0" cb="0"/><line nr="172" mi="5" ci="0" mb="0" cb="0"/><line nr="174" mi="1" ci="0" mb="0" cb="0"/><line nr="175" mi="3" ci="0" mb="0" cb="0"/><line nr="176" mi="6" ci="0" mb="0" cb="0"/><line nr="177" mi="1" ci="0" mb="0" cb="0"/><line nr="178" mi="1" ci="0" mb="0" cb="0"/><line nr="184" mi="5" ci="0" mb="0" cb="0"/><line nr="185" mi="5" ci="0" mb="0" cb="0"/><line nr="186" mi="3" ci="0" mb="2" cb="0"/><line nr="187" mi="6" ci="0" mb="0" cb="0"/><line nr="188" mi="9" ci="0" mb="0" cb="0"/><line nr="190" mi="3" ci="0" mb="0" cb="0"/><line nr="191" mi="1" ci="0" mb="0" cb="0"/><line nr="202" mi="5" ci="0" mb="0" cb="0"/><line nr="203" mi="5" ci="0" mb="0" cb="0"/><line nr="204" mi="7" ci="0" mb="4" cb="0"/><line nr="205" mi="4" ci="0" mb="0" cb="0"/><line nr="206" mi="3" ci="0" mb="0" cb="0"/><line nr="208" mi="3" ci="0" mb="0" cb="0"/><line nr="209" mi="1" ci="0" mb="0" cb="0"/><line nr="212" mi="5" ci="0" mb="0" cb="0"/><line nr="213" mi="4" ci="0" mb="2" cb="0"/><line nr="214" mi="3" ci="0" mb="0" cb="0"/><line nr="217" mi="3" ci="0" mb="0" cb="0"/><line nr="218" mi="3" ci="0" mb="0" cb="0"/><line nr="220" mi="3" ci="0" mb="2" cb="0"/><line nr="221" mi="4" ci="0" mb="0" cb="0"/><line nr="222" mi="3" ci="0" mb="0" cb="0"/><line nr="223" mi="6" ci="0" mb="0" cb="0"/><line nr="224" mi="8" ci="0" mb="0" cb="0"/><line nr="227" mi="3" ci="0" mb="0" cb="0"/><line nr="228" mi="1" ci="0" mb="0" cb="0"/><line nr="234" mi="4" ci="0" mb="0" cb="0"/><line nr="252" mi="2" ci="0" mb="0" cb="0"/><line nr="253" mi="2" ci="0" mb="0" cb="0"/><line nr="255" mi="5" ci="0" mb="0" cb="0"/><line nr="256" mi="5" ci="0" mb="0" cb="0"/><line nr="257" mi="3" ci="0" mb="0" cb="0"/><line nr="259" mi="6" ci="0" mb="2" cb="0"/><line nr="260" mi="4" ci="0" mb="0" cb="0"/><line nr="261" mi="2" ci="0" mb="2" cb="0"/><line nr="262" mi="8" ci="0" mb="0" cb="0"/><line nr="264" mi="3" ci="0" mb="0" cb="0"/><line nr="265" mi="1" ci="0" mb="0" cb="0"/><line nr="266" mi="1" ci="0" mb="0" cb="0"/><line nr="273" mi="2" ci="0" mb="0" cb="0"/><line nr="274" mi="2" ci="0" mb="0" cb="0"/><line nr="276" mi="5" ci="0" mb="0" cb="0"/><line nr="277" mi="5" ci="0" mb="0" cb="0"/><line nr="278" mi="3" ci="0" mb="0" cb="0"/><line nr="280" mi="6" ci="0" mb="2" cb="0"/><line nr="281" mi="4" ci="0" mb="0" cb="0"/><line nr="282" mi="2" ci="0" mb="2" cb="0"/><line nr="283" mi="5" ci="0" mb="0" cb="0"/><line nr="285" mi="3" ci="0" mb="0" cb="0"/><line nr="286" mi="1" ci="0" mb="0" cb="0"/><line nr="287" mi="1" ci="0" mb="0" cb="0"/><counter type="INSTRUCTION" missed="391" covered="0"/><counter type="BRANCH" missed="30" covered="0"/><counter type="LINE" missed="106" covered="0"/><counter type="COMPLEXITY" missed="25" covered="0"/><counter type="METHOD" missed="10" covered="0"/><counter type="CLASS" missed="1" covered="0"/></sourcefile><counter type="INSTRUCTION" missed="396" covered="5"/><counter type="BRANCH" missed="30" covered="0"/><counter type="LINE" missed="107" covered="2"/><counter type="COMPLEXITY" missed="26" covered="2"/><counter type="METHOD" missed="11" covered="2"/><counter type="CLASS" missed="1" covered="1"/></package><package name="sun/tools/attach"><class name="sun/tools/at
[...]
missed="16" covered="0"/><counter type="LINE" missed="8" covered="0"/><counter type="COMPLEXITY" missed="4" covered="0"/><counter type="METHOD" missed="4" covered="0"/><counter type="CLASS" missed="1" covered="0"/></sourcefile><sourcefile name="Units.java"><line nr="43" mi="0" ci="3" mb="0" cb="0"/><line nr="51" mi="0" ci="6" mb="0" cb="0"/><line nr="56" mi="0" ci="6" mb="0" cb="0"/><line nr="61" mi="0" ci="6" mb="0" cb="0"/><line nr="66" mi="0" ci="6" mb="0" cb="0"/><line nr="71" mi="0" ci="6" mb="0" cb="0"/><line nr="78" mi="0" ci="6" mb="0" cb="0"/><line nr="83" mi="0" ci="7" mb="0" cb="0"/><line nr="91" mi="3" ci="0" mb="0" cb="0"/><line nr="100" mi="3" ci="0" mb="0" cb="0"/><line nr="114" mi="0" ci="10" mb="3" cb="3"/><line nr="115" mi="2" ci="0" mb="0" cb="0"/><line nr="118" mi="0" ci="4" mb="0" cb="0"/><line nr="121" mi="0" ci="2" mb="0" cb="0"/><line nr="122" mi="0" ci="3" mb="0" cb="0"/><line nr="123" mi="0" ci="3" mb="0" cb="0"/><line nr="124" mi="0" ci="4" mb="0" cb="0"/><line nr="125" mi="0" ci="1" mb="0" cb="0"/><counter type="INSTRUCTION" missed="8" covered="73"/><counter type="BRANCH" missed="3" covered="3"/><counter type="LINE" missed="3" covered="15"/><counter type="COMPLEXITY" missed="5" covered="3"/><counter type="METHOD" missed="2" covered="3"/><counter type="CLASS" missed="0" covered="1"/></sourcefile><sourcefile name="Monitor.java"/><sourcefile name="MonitoredVm.java"/><sourcefile name="ByteArrayMonitor.java"/><sourcefile name="LongMonitor.java"/><sourcefile name="MonitoredHost.java"><line nr="52" mi="2" ci="8" mb="1" cb="1"/><line nr="53" mi="0" ci="4" mb="0" cb="0"/><line nr="65" mi="0" ci="2" mb="0" cb="0"/><line nr="66" mi="0" ci="2" mb="0" cb="0"/><line nr="77" mi="0" ci="3" mb="0" cb="0"/><line nr="78" mi="0" ci="2" mb="0" cb="0"/><line nr="110" mi="5" ci="0" mb="0" cb="0"/><line nr="111" mi="3" ci="0" mb="0" cb="0"/><line nr="132" mi="0" ci="5" mb="0" cb="0"/><line nr="133" mi="0" ci="3" mb="0" cb="0"/><line nr="148" mi="0" ci="2" mb="0" cb="0"/><line nr="150" mi="0" ci="4" mb="0" cb="0"/><line nr="151" mi="0" ci="5" mb="0" cb="0"/><line nr="152" mi="0" ci="2" mb="1" cb="1"/><line nr="153" mi="3" ci="0" mb="2" cb="0"/><line nr="154" mi="5" ci="0" mb="0" cb="0"/><line nr="156" mi="4" ci="0" mb="0" cb="0"/><line nr="159" mi="0" ci="3" mb="0" cb="0"/><line nr="161" mi="0" ci="3" mb="0" cb="0"/><line nr="163" mi="0" ci="4" mb="0" cb="0"/><line nr="164" mi="0" ci="1" mb="0" cb="0"/><line nr="165" mi="0" ci="10" mb="1" cb="1"/><line nr="166" mi="0" ci="6" mb="0" cb="2"/><line nr="167" mi="0" ci="4" mb="0" cb="0"/><line nr="168" mi="0" ci="1" mb="0" cb="0"/><line nr="170" mi="0" ci="1" mb="0" cb="0"/><line nr="172" mi="0" ci="2" mb="1" cb="1"/><line nr="173" mi="7" ci="0" mb="0" cb="0"/><line nr="176" mi="0" ci="4" mb="0" cb="0"/><line nr="177" mi="0" ci="6" mb="0" cb="0"/><line nr="178" mi="0" ci="3" mb="0" cb="0"/><line nr="180" mi="0" ci="2" mb="0" cb="0"/><line nr="195" mi="0" ci="3" mb="0" cb="0"/><line nr="196" mi="0" ci="3" mb="0" cb="0"/><line nr="197" mi="0" ci="4" mb="0" cb="0"/><line nr="199" mi="4" ci="4" mb="2" cb="2"/><line nr="201" mi="0" ci="2" mb="1" cb="1"/><line nr="202" mi="4" ci="0" mb="2" cb="0"/><line nr="203" mi="3" ci="0" mb="0" cb="0"/><line nr="205" mi="2" ci="0" mb="0" cb="0"/><line nr="209" mi="0" ci="9" mb="0" cb="0"/><line nr="211" mi="0" ci="3" mb="0" cb="0"/><line nr="212" mi="0" ci="2" mb="1" cb="1"/><line nr="213" mi="6" ci="0" mb="0" cb="0"/><line nr="217" mi="0" ci="6" mb="0" cb="0"/><line nr="218" mi="1" ci="0" mb="0" cb="0"/><line nr="220" mi="6" ci="0" mb="2" cb="0"/><line nr="221" mi="3" ci="0" mb="0" cb="0"/><line nr="222" mi="4" ci="0" mb="0" cb="0"/><line nr="232" mi="3" ci="0" mb="0" cb="0"/><line nr="243" mi="3" ci="0" mb="0" cb="0"/><line nr="244" mi="1" ci="0" mb="0" cb="0"/><line nr="252" mi="3" ci="0" mb="0" cb="0"/><line nr="261" mi="3" ci="0" mb="0" cb="0"/><line nr="262" mi="1" ci="0" mb="0" cb="0"/><line nr="272" mi="3" ci="0" mb="0" cb="0"/><line nr="279" mi="3" ci="0" mb="0" cb="0"/><line nr="280" mi="1" ci="0" mb="0" cb="0"/><line nr="292" mi="7" ci="0" mb="2" cb="0"/><counter type="INSTRUCTION" missed="90" covered="128"/><counter type="BRANCH" missed="16" covered="10"/><counter type="LINE" missed="24" covered="35"/><counter type="COMPLEXITY" missed="20" covered="6"/><counter type="METHOD" missed="8" covered="5"/><counter type="CLASS" missed="0" covered="1"/></sourcefile><sourcefile name="MonitoredVmUtil.java"><line nr="51" mi="2" ci="0" mb="0" cb="0"/><line nr="52" mi="3" ci="0" mb="0" cb="0"/><line nr="53" mi="7" ci="0" mb="2" cb="0"/><line nr="65" mi="5" ci="0" mb="0" cb="0"/><line nr="66" mi="7" ci="0" mb="2" cb="0"/><line nr="80" mi="3" ci="0" mb="0" cb="0"/><line nr="82" mi="4" ci="0" mb="0" cb="0"/><line nr="83" mi="2" ci="0" mb="2" cb="0"/><line nr="84" mi="6" ci="0" mb="0" cb="0"/><line nr="85" mi="4" ci="0" mb="2" cb="0"/><line nr="86" mi="2" ci="0" mb="0" cb="0"/><line nr="88" mi="2" ci="0" mb="0" cb="0"/><line nr="105" mi="3" ci="0" mb="0" cb="0"/><line nr="106" mi="4" ci="0" mb="0" cb="0"/><line nr="107" mi="2" ci="0" mb="2" cb="0"/><line nr="108" mi="5" ci="0" mb="0" cb="0"/><line nr="110" mi="2" ci="0" mb="2" cb="0"/><line nr="111" mi="2" ci="0" mb="0" cb="0"/><line nr="118" mi="4" ci="0" mb="0" cb="0"/><line nr="119" mi="4" ci="0" mb="0" cb="0"/><line nr="120" mi="7" ci="0" mb="2" cb="0"/><line nr="121" mi="2" ci="0" mb="2" cb="0"/><line nr="122" mi="6" ci="0" mb="0" cb="0"/><line nr="125" mi="4" ci="0" mb="0" cb="0"/><line nr="126" mi="2" ci="0" mb="2" cb="0"/><line nr="127" mi="6" ci="0" mb="0" cb="0"/><line nr="134" mi="4" ci="0" mb="2" cb="0"/><line nr="135" mi="2" ci="0" mb="0" cb="0"/><line nr="137" mi="2" ci="0" mb="0" cb="0"/><line nr="140" mi="2" ci="0" mb="0" cb="0"/><line nr="152" mi="5" ci="0" mb="0" cb="0"/><line nr="153" mi="7" ci="0" mb="2" cb="0"/><line nr="165" mi="2" ci="0" mb="0" cb="0"/><line nr="166" mi="3" ci="0" mb="0" cb="0"/><line nr="167" mi="7" ci="0" mb="2" cb="0"/><line nr="171" mi="0" ci="2" mb="0" cb="0"/><line nr="172" mi="0" ci="3" mb="0" cb="0"/><line nr="180" mi="0" ci="2" mb="0" cb="0"/><line nr="181" mi="0" ci="3" mb="0" cb="0"/><line nr="182" mi="0" ci="2" mb="1" cb="1"/><line nr="183" mi="2" ci="0" mb="0" cb="0"/><line nr="185" mi="1" ci="9" mb="1" cb="1"/><counter type="INSTRUCTION" missed="137" covered="21"/><counter type="BRANCH" missed="26" covered="2"/><counter type="LINE" missed="36" covered="6"/><counter type="COMPLEXITY" missed="20" covered="2"/><counter type="METHOD" missed="6" covered="2"/><counter type="CLASS" missed="0" covered="1"/></sourcefile><counter type="INSTRUCTION" missed="697" covered="686"/><counter type="BRANCH" missed="127" covered="65"/><counter type="LINE" missed="176" covered="190"/><counter type="COMPLEXITY" missed="133" covered="45"/><counter type="METHOD" missed="41" covered="41"/><counter type="CLASS" missed="1" covered="7"/></package><package name="com/sun/tools/attach"><class name="com/sun/tools/attach/AttachPermission" sourcefilename="AttachPermission.java"><method name="&lt;init&gt;" desc="(Ljava/lang/String;)V" line="99"><counter type="INSTRUCTION" missed="18" covered="0"/><counter type="BRANCH" missed="4" covered="0"/><counter type="LINE" missed="4" covered="0"/><counter type="COMPLEXITY" missed="3" covered="0"/><counter type="METHOD" missed="1" covered="0"/></method><method name="&lt;init&gt;" desc="(Ljava/lang/String;Ljava/lang/String;)V" line="118"><counter type="INSTRUCTION" missed="29" covered="0"/><counter type="BRANCH" missed="8" covered="0"/><counter type="LINE" missed="6" covered="0"/><counter type="COMPLEXITY" missed="5" covered="0"/><counter type="METHOD" missed="1" covered="0"/></method><counter type="INSTRUCTION" missed="47" covered="0"/><counter type="BRANCH" missed="12" covered="0"/><counter type="LINE" missed="10" covered="0"/><counter type="COMPLEXITY" missed="8" covered="0"/><counter type="METHOD" missed="2" covered="0"/><counter type="CLASS" missed="1" covered="0"/></class><class name="com/sun/tools/attach/AgentInitializationException" sourcefilename="AgentInitializationException.java"><method name="&lt;init&gt;" desc="()V" line="55"><counter type="INSTRUCTION" missed="6" covered="0"/><counter type="LINE" missed="3" covered="0"/><counter type="COMPLEXITY" missed="1" covered="0"/><counter type="METHOD" missed="1" covered="0"/></method><method name="&lt;init&gt;" desc="(Ljava/lang/String;)V" line="66"><counter type="INSTRUCTION" missed="7" covered="0"/><counter type="LINE" missed="3" covered="0"/><counter type="COMPLEXITY" missed="1" covered="0"/><counter type="METHOD" missed="1" covered="0"/></method><method name="&lt;init&gt;" desc="(Ljava/lang/String;I)V" line="79"><counter type="INSTRUCTION" missed="7" covered="0"/><counter type="LINE" missed="3" covered="0"/><counter type="COMPLEXITY" missed="1" covered="0"/><counter type="METHOD" missed="1" covered="0"/></method><method name="returnValue" desc="()I" line="91"><counter type="INSTRUCTION" missed="3" covered="0"/><counter type="LINE" missed="1" covered="0"/><counter type="COMPLEXITY" missed="1" covered="0"/><counter type="METHOD" missed="1" covered="0"/></method><counter type="INSTRUCTION" missed="23" covered="0"/><counter type="LINE" missed="10" covered="0"/><counter type="COMPLEXITY" missed="4" covered="0"/><counter type="METHOD" missed="4" covered="0"/><counter type="CLASS" missed="1" covered="0"/></class><class name="com/sun/tools/attach/AttachOperationFailedException" sourcefilename="AttachOperationFailedException.java"><method name="&lt;init&gt;" desc="(Ljava/lang/String;)V" line="51"><counter type="INSTRUCTION" missed="4" covered="0"/><counter type="LINE" missed="2" covered="0"/><counter type="COMPLEXITY" missed="1" covered="0"/><counter type="METHOD" missed="1" covered="0"/></method><counter type="INSTRUCTION" missed="4" covered="0"/><counter type="LINE" missed="2" covered="0"/><counter type="COMPLEXITY" missed="1" covered="0"/><counter type="METHOD" missed="1" covered="0"/><counter type="CLASS" missed="1" covered="0"/></class><class name="com/sun/tools/attach/VirtualMachineDescriptor" sourcefilename="VirtualMachineDescriptor.java"><method name="&lt;init&gt;" desc="(Lcom/sun/tools/attach/spi/AttachProvider;Ljava/lang/String;Ljava/lang/String;)V" line="76"><counter type="INSTRUCTION" missed="33" covered="0"/><counter type="BRANCH" missed="6" covered="0"/><counter type="LINE" missed="11" covered="0"/><counter type="COMPLEXITY" missed="4" covered="0"/><counter type="METHOD" missed="1" covered="0"/></method><method name="&lt;init&gt;" desc="(Lcom/sun/tools/attach/spi/AttachProvider;Ljava/lang/String;)V" line="113"><counter type="INSTRUCTION" missed="6" covered="0"/><counter type="LINE" missed="2" covered="0"/><counter type="COMPLEXITY" missed="1" covered="0"/><counter type="METHOD" missed="1" covered="0"/></method><method name="provider" desc="()Lcom/sun/tools/attach/spi/AttachProvider;" line="122"><counter type="INSTRUCTION" missed="3" covered="0"/><counter type="LINE" missed="1" covered="0"/><counter type="COMPLEXITY" missed="1" covered="0"/><counter type="METHOD" missed="1" covered="0"/></method><method name="id" desc="()Ljava/lang/String;" line="131"><counter type="INSTRUCTION" missed="3" covered="0"/><counter type="LINE" missed="1" covered="0"/><counter type="COMPLEXITY" missed="1" covered="0"/><counter type="METHOD" missed="1" covered="0"/></method><method name="displayName" desc="()Ljava/lang/String;" line="140"><counter type="INSTRUCTION" missed="3" covered="0"/><counter type="LINE" missed="1" covered="0"/><counter type="COMPLEXITY" missed="1" covered="0"/><counter type="METHOD" missed="1" covered="0"/></method><method name="hashCode" desc="()I" line="152"><counter type="INSTRUCTION" missed="20" covered="0"/><counter type="BRANCH" missed="2" covered="0"/><counter type="LINE" missed="4" covered="0"/><counter type="COMPLEXITY" missed="2" covered="0"/><counter type="METHOD" missed="1" covered="0"/></method><method name="equals" desc="(Ljava/lang/Object;)Z" line="177"><counter type="INSTRUCTION" missed="30" covered="0"/><counter type="BRANCH" missed="8" covered="0"/><counter type="LINE" missed="10" covered="0"/><counter type="COMPLEXITY" missed="5" covered="0"/><counter type="METHOD" missed="1" covered="0"/></method><method name="toString" desc="()Ljava/lang/String;" line="195"><counter type="INSTRUCTION" missed="19" covered="0"/><counter type="BRANCH" missed="2" covered="0"/><counter type="LINE" missed="4" covered="0"/><counter type="COMPLEXITY" missed="2" covered="0"/><counter type="METHOD" missed="1" covered="0"/></method><counter type="INSTRUCTION" missed="117" covered="0"/><counter type="BRANCH" missed="18" covered="0"/><counter type="LINE" missed="34" covered="0"/><counter type="COMPLEXITY" missed="17" covered="0"/><counter type="METHOD" missed="8" covered="0"/><counter type="CLASS" missed="1" covered="0"/></class><class name="com/sun/tools/attach/AttachNotSupportedException" sourcefilename="AttachNotSupportedException.java"><method name="&lt;init&gt;" desc="()V" line="49"><counter type="INSTRUCTION" missed="3" covered="0"/><counter type="LINE" missed="2" covered="0"/><counter type="COMPLEXITY" missed="1" covered="0"/><counter type="METHOD" missed="1" covered="0"/></method><method name="&lt;init&gt;" desc="(Ljava/lang/String;)V" line="60"><counter type="INSTRUCTION" missed="4" covered="0"/><counter type="LINE" missed="2" covered="0"/><counter type="COMPLEXITY" missed="1" covered="0"/><counter type="METHOD" missed="1" covered="0"/></method><counter type="INSTRUCTION" missed="7" covered="0"/><counter type="LINE" missed="4" covered="0"/><counter type="COMPLEXITY" missed="2" covered="0"/><counter type="METHOD" missed="2" covered="0"/><counter type="CLASS" missed="1" covered="0"/></class><class name="com/sun/tools/attach/AgentLoadException" sourcefilename="AgentLoadException.java"><method name="&lt;init&gt;" desc="()V" line="49"><counter type="INSTRUCTION" missed="3" covered="0"/><counter type="LINE" missed="2" covered="0"/><counter type="COMPLEXITY" missed="1" covered="0"/><counter type="METHOD" missed="1" covered="0"/></method><method name="&lt;init&gt;" desc="(Ljava/lang/String;)V" line="59"><counter type="INSTRUCTION" missed="4" covered="0"/><counter type="LINE" missed="2" covered="0"/><counter type="COMPLEXITY" missed="1" covered="0"/><counter type="METHOD" missed="1" covered="0"/></method><counter type="INSTRUCTION" missed="7" covered="0"/><counter type="LINE" missed="4" covered="0"/><counter type="COMPLEXITY" missed="2" covered="0"/><counter type="METHOD" missed="2" covered="0"/><counter type="CLASS" missed="1" covered="0"/></class><sourcefile name="VirtualMachineDescriptor.java"><line nr="76" mi="2" ci="0" mb="0" cb="0"/><line nr="77" mi="2" ci="0" mb="2" cb="0"/><line nr="78" mi="5" ci="0" mb="0" cb="0"/><line nr="80" mi="2" ci="0" mb="2" cb="0"/><line nr="81" mi="5" ci="0" mb="0" cb="0"/><line nr="83" mi="2" ci="0" mb="2" cb="0"/><line nr="84" mi="5" ci="0" mb="0" cb="0"/><line nr="86" mi="3" ci="0" mb="0" cb="0"/><line nr="87" mi="3" ci="0" mb="0" cb="0"/><line nr="88" mi="3" ci="0" mb="0" cb="0"/><line nr="89" mi="1" ci="0" mb="0" cb="0"/><line nr="113" mi="5" ci="0" mb="0" cb="0"/><line nr="114" mi="1" ci="0" mb="0" cb="0"/><line nr="122" mi="3" ci="0" mb="0" cb="0"/><line nr="131" mi="3" ci="0" mb="0" cb="0"/><line nr="140" mi="3" ci="0" mb="0" cb="0"/><line nr="152" mi="3" ci="0" mb="2" cb="0"/><line nr="153" mi="3" ci="0" mb="0" cb="0"/><line nr="155" mi="11" ci="0" mb="0" cb="0"/><line nr="156" mi="3" ci="0" mb="0" cb="0"/><line nr="177" mi="3" ci="0" mb="2" cb="0"/><line nr="178" mi="2" ci="0" mb="0" cb="0"/><line nr="179" mi="3" ci="0" mb="2" cb="0"/><line nr="180" mi="2" ci="0" mb="0" cb="0"/><line nr="181" mi="3" ci="0" mb="0" cb="0"/><line nr="182" mi="5" ci="0" mb="2" cb="0"/><line nr="183" mi="2" ci="0" mb="0" cb="0"/><line nr="185" mi="6" ci="0" mb="2" cb="0"/><line nr="186" mi="2" ci="0" mb="0" cb="0"/><line nr="188" mi="2" ci="0" mb="0" cb="0"/><line nr="195" mi="7" ci="0" mb="0" cb="0"/><line nr="196" mi="5" ci="0" mb="2" cb="0"/><line nr="197" mi="5" ci="0" mb="0" cb="0"/><line nr="199" mi="2" ci="0" mb="0" cb="0"/><counter type="INSTRUCTION" missed="117" covered="0"/><counter type="BRANCH" missed="18" covered="0"/><counter type="LINE" missed="34" covered="0"/><counter type="COMPLEXITY" missed="17" covered="0"/><counter type="METHOD" missed="8" covered="0"/><counter type="CLASS" missed="1" covered="0"/></sourcefile><sourcefile name="AgentInitializationException.java"><line nr="55" mi="2" ci="0" mb="0" cb="0"/><line nr="56" mi="3" ci="0" mb="0" cb="0"/><line nr="57" mi="1" ci="0" mb="0" cb="0"/><line nr="66" mi="3" ci="0" mb="0" cb="0"/><line nr="67" mi="3" ci="0" mb="0" cb="0"/><line nr="68" mi="1" ci="0" mb="0" cb="0"/><line nr="79" mi="3" ci="0" mb="0" cb="0"/><line nr="80" mi="3" ci="0" mb="0" cb="0"/><line nr="81" mi="1" ci="0" mb="0" cb="0"/><line nr="91" mi="3" ci="0" mb="0" cb="0"/><counter type="INSTRUCTION" missed="23" covered="0"/><counter type="LINE" missed="10" covered="0"/><counter type="COMPLEXITY" missed="4" covered="0"/><counter type="METHOD" missed="4" covered="0"/><counter type="CLASS" missed="1" covered="0"/></sourcefile><sourcefile name="AgentLoadException.java"><line nr="49" mi="2" ci="0" mb="0" cb="0"/><line nr="50" mi="1" ci="0" mb="0" cb="0"/><line nr="59" mi="3" ci="0" mb="0" cb="0"/><line nr="60" mi="1" ci="0" mb="0" cb="0"/><counter type="INSTRUCTION" missed="7" covered="0"/><counter type="LINE" missed="4" covered="0"/><counter type="COMPLEXITY" missed="2" covered="0"/><counter type="METHOD" missed="2" covered="0"/><counter type="CLASS" missed="1" covered="0"/></sourcefile><sourcefile name="AttachOperationFailedException.java"><line nr="51" mi="3" ci="0" mb="0" cb="0"/><line nr="52" mi="1" ci="0" mb="0" cb="0"/><counter type="INSTRUCTION" missed="4" covered="0"/><counter type="LINE" missed="2" covered="0"/><counter type="COMPLEXITY" missed="1" covered="0"/><counter type="METHOD" missed="1" covered="0"/><counter type="CLASS" missed="1" covered="0"/></sourcefile><sourcefile name="AttachPermission.java"><line nr="99" mi="3" ci="0" mb="0" cb="0"/><line nr="100" mi="8" ci="0" mb="4" cb="0"/><line nr="101" mi="6" ci="0" mb="0" cb="0"/><line nr="103" mi="1" ci="0" mb="0" cb="0"/><line nr="118" mi="3" ci="0" mb="0" cb="0"/><line nr="119" mi="8" ci="0" mb="4" cb="0"/><line nr="120" mi="6" ci="0" mb="0" cb="0"/><line nr="122" mi="5" ci="0" mb="4" cb="0"/><line nr="123" mi="6" ci="0" mb="0" cb="0"/><line nr="125" mi="1" ci="0" mb="0" cb="0"/><counter type="INSTRUCTION" missed="47" covered="0"/><counter type="BRANCH" missed="12" covered="0"/><counter type="LINE" missed="10" covered="0"/><counter type="COMPLEXITY" missed="8" covered="0"/><counter type="METHOD" missed="2" covered="0"/><counter type="CLASS" missed="1" covered="0"/></sourcefile><sourcefile name="AttachNotSupportedException.java"><line nr="49" mi="2" ci="0" mb="0" cb="0"/><line nr="51" mi="1" ci="0" mb="0" cb="0"/><line nr="60" mi="3" ci="0" mb="0" cb="0"/><line nr="61" mi="1" ci="0" mb="0" cb="0"/><counter type="INSTRUCTION" missed="7" covered="0"/><counter type="LINE" missed="4" covered="0"/><counter type="COMPLEXITY" missed="2" covered="0"/><counter type="METHOD" missed="2" covered="0"/><counter type="CLASS" missed="1" covered="0"/></sourcefile><counter type="INSTRUCTION" missed="205" covered="0"/><counter type="BRANCH" missed="30" covered="0"/><counter type="LINE" missed="64" covered="0"/><counter type="COMPLEXITY" missed="34" covered="0"/><counter type="METHOD" missed="19" covered="0"/><counter type="CLASS" missed="6" covered="0"/></package><counter type="INSTRUCTION" missed="4341" covered="3579"/><counter type="BRANCH" missed="554" covered="261"/><counter type="LINE" missed="1084" covered="916"/><counter type="COMPLEXITY" missed="573" covered="235"/><counter type="METHOD" missed="207" covered="192"/><counter type="CLASS" missed="18" covered="50"/></report>